[2025-09-03T01:51:43.425+0000] {taskinstance.py:1083} INFO - Dependencies all met for <TaskInstance: institution_detail_pipeline.silver_reclamacoes scheduled__2025-09-01T09:00:00+00:00 [queued]>
[2025-09-03T01:51:43.433+0000] {taskinstance.py:1083} INFO - Dependencies all met for <TaskInstance: institution_detail_pipeline.silver_reclamacoes scheduled__2025-09-01T09:00:00+00:00 [queued]>
[2025-09-03T01:51:43.433+0000] {taskinstance.py:1279} INFO - 
--------------------------------------------------------------------------------
[2025-09-03T01:51:43.434+0000] {taskinstance.py:1280} INFO - Starting attempt 1 of 1
[2025-09-03T01:51:43.434+0000] {taskinstance.py:1281} INFO - 
--------------------------------------------------------------------------------
[2025-09-03T01:51:43.443+0000] {taskinstance.py:1300} INFO - Executing <Task(BashOperator): silver_reclamacoes> on 2025-09-01 09:00:00+00:00
[2025-09-03T01:51:43.446+0000] {standard_task_runner.py:55} INFO - Started process 1030 to run task
[2025-09-03T01:51:43.448+0000] {standard_task_runner.py:82} INFO - Running: ['***', 'tasks', 'run', 'institution_detail_pipeline', 'silver_reclamacoes', 'scheduled__2025-09-01T09:00:00+00:00', '--job-id', '5', '--raw', '--subdir', 'DAGS_FOLDER/dag_institution.py', '--cfg-path', '/tmp/tmpxzvi6qgv']
[2025-09-03T01:51:43.449+0000] {standard_task_runner.py:83} INFO - Job 5: Subtask silver_reclamacoes
[2025-09-03T01:51:43.525+0000] {logging_mixin.py:137} WARNING - /usr/local/lib/python3.9/site-packages/***/settings.py:249 DeprecationWarning: The sql_alchemy_conn option in [core] has been moved to the sql_alchemy_conn option in [database] - the old setting has been used, but please update your config.
[2025-09-03T01:51:43.541+0000] {logging_mixin.py:137} WARNING - /usr/local/lib/python3.9/site-packages/***/utils/sqlalchemy.py:124 DeprecationWarning: The sql_alchemy_conn option in [core] has been moved to the sql_alchemy_conn option in [database] - the old setting has been used, but please update your config.
[2025-09-03T01:51:43.562+0000] {task_command.py:388} INFO - Running <TaskInstance: institution_detail_pipeline.silver_reclamacoes scheduled__2025-09-01T09:00:00+00:00 [running]> on host fe630f5e6718
[2025-09-03T01:51:43.612+0000] {taskinstance.py:1507} INFO - Exporting the following env vars:
AIRFLOW_CTX_DAG_OWNER=Klaus_Rezende
AIRFLOW_CTX_DAG_ID=institution_detail_pipeline
AIRFLOW_CTX_TASK_ID=silver_reclamacoes
AIRFLOW_CTX_EXECUTION_DATE=2025-09-01T09:00:00+00:00
AIRFLOW_CTX_TRY_NUMBER=1
AIRFLOW_CTX_DAG_RUN_ID=scheduled__2025-09-01T09:00:00+00:00
[2025-09-03T01:51:43.613+0000] {subprocess.py:63} INFO - Tmp dir root location: 
 /tmp
[2025-09-03T01:51:43.613+0000] {subprocess.py:75} INFO - Running command: ['/usr/bin/bash', '-c', 'python3 /opt/***/scripts/silver/tb_sv_reclamacoes.py']
[2025-09-03T01:51:43.620+0000] {subprocess.py:86} INFO - Output:
[2025-09-03T01:51:45.898+0000] {subprocess.py:93} INFO - 25/09/03 01:51:45 WARN NativeCodeLoader: Unable to load native-hadoop library for your platform... using builtin-java classes where applicable
[2025-09-03T01:51:46.045+0000] {subprocess.py:93} INFO - Setting default log level to "WARN".
[2025-09-03T01:51:46.045+0000] {subprocess.py:93} INFO - To adjust logging level use sc.setLogLevel(newLevel). For SparkR, use setLogLevel(newLevel).
[2025-09-03T01:51:50.800+0000] {subprocess.py:93} INFO - [Stage 2:>                                                          (0 + 1) / 1]                                                                                Silver reclamacoes data saved
[2025-09-03T01:51:51.211+0000] {subprocess.py:97} INFO - Command exited with return code 0
[2025-09-03T01:51:51.231+0000] {taskinstance.py:1318} INFO - Marking task as SUCCESS. dag_id=institution_detail_pipeline, task_id=silver_reclamacoes, execution_date=20250901T090000, start_date=20250903T015143, end_date=20250903T015151
[2025-09-03T01:51:51.267+0000] {local_task_job.py:208} INFO - Task exited with return code 0
[2025-09-03T01:51:51.284+0000] {taskinstance.py:2578} INFO - 1 downstream tasks scheduled from follow-on schedule check
[2025-09-03T02:07:27.827+0000] {taskinstance.py:1083} INFO - Dependencies all met for <TaskInstance: institution_detail_pipeline.silver_reclamacoes scheduled__2025-09-01T09:00:00+00:00 [queued]>
[2025-09-03T02:07:27.839+0000] {taskinstance.py:1083} INFO - Dependencies all met for <TaskInstance: institution_detail_pipeline.silver_reclamacoes scheduled__2025-09-01T09:00:00+00:00 [queued]>
[2025-09-03T02:07:27.839+0000] {taskinstance.py:1279} INFO - 
--------------------------------------------------------------------------------
[2025-09-03T02:07:27.839+0000] {taskinstance.py:1280} INFO - Starting attempt 1 of 1
[2025-09-03T02:07:27.839+0000] {taskinstance.py:1281} INFO - 
--------------------------------------------------------------------------------
[2025-09-03T02:07:27.853+0000] {taskinstance.py:1300} INFO - Executing <Task(BashOperator): silver_reclamacoes> on 2025-09-01 09:00:00+00:00
[2025-09-03T02:07:27.857+0000] {standard_task_runner.py:55} INFO - Started process 1551 to run task
[2025-09-03T02:07:27.860+0000] {standard_task_runner.py:82} INFO - Running: ['***', 'tasks', 'run', 'institution_detail_pipeline', 'silver_reclamacoes', 'scheduled__2025-09-01T09:00:00+00:00', '--job-id', '10', '--raw', '--subdir', 'DAGS_FOLDER/dag_institution.py', '--cfg-path', '/tmp/tmp277ifqt3']
[2025-09-03T02:07:27.862+0000] {standard_task_runner.py:83} INFO - Job 10: Subtask silver_reclamacoes
[2025-09-03T02:07:27.881+0000] {logging_mixin.py:137} WARNING - /usr/local/lib/python3.9/site-packages/***/settings.py:249 DeprecationWarning: The sql_alchemy_conn option in [core] has been moved to the sql_alchemy_conn option in [database] - the old setting has been used, but please update your config.
[2025-09-03T02:07:27.921+0000] {logging_mixin.py:137} WARNING - /usr/local/lib/python3.9/site-packages/***/utils/sqlalchemy.py:124 DeprecationWarning: The sql_alchemy_conn option in [core] has been moved to the sql_alchemy_conn option in [database] - the old setting has been used, but please update your config.
[2025-09-03T02:07:27.984+0000] {task_command.py:388} INFO - Running <TaskInstance: institution_detail_pipeline.silver_reclamacoes scheduled__2025-09-01T09:00:00+00:00 [running]> on host 72c28e8237fc
[2025-09-03T02:07:28.075+0000] {taskinstance.py:1507} INFO - Exporting the following env vars:
AIRFLOW_CTX_DAG_OWNER=Klaus_Rezende
AIRFLOW_CTX_DAG_ID=institution_detail_pipeline
AIRFLOW_CTX_TASK_ID=silver_reclamacoes
AIRFLOW_CTX_EXECUTION_DATE=2025-09-01T09:00:00+00:00
AIRFLOW_CTX_TRY_NUMBER=1
AIRFLOW_CTX_DAG_RUN_ID=scheduled__2025-09-01T09:00:00+00:00
[2025-09-03T02:07:28.076+0000] {subprocess.py:63} INFO - Tmp dir root location: 
 /tmp
[2025-09-03T02:07:28.077+0000] {subprocess.py:75} INFO - Running command: ['/usr/bin/bash', '-c', 'python3 /opt/***/scripts/silver/tb_sv_reclamacoes.py']
[2025-09-03T02:07:28.088+0000] {subprocess.py:86} INFO - Output:
[2025-09-03T02:07:31.456+0000] {subprocess.py:93} INFO - 25/09/03 02:07:31 WARN NativeCodeLoader: Unable to load native-hadoop library for your platform... using builtin-java classes where applicable
[2025-09-03T02:07:31.864+0000] {subprocess.py:93} INFO - Setting default log level to "WARN".
[2025-09-03T02:07:31.865+0000] {subprocess.py:93} INFO - To adjust logging level use sc.setLogLevel(newLevel). For SparkR, use setLogLevel(newLevel).
[2025-09-03T02:09:13.932+0000] {subprocess.py:93} INFO - 25/09/03 02:09:13 WARN GarbageCollectionMetrics: To enable non-built-in garbage collector(s) List(G1 Concurrent GC), users should configure it(them) to spark.eventLog.gcMetrics.youngGenerationGarbageCollectors or spark.eventLog.gcMetrics.oldGenerationGarbageCollectors
[2025-09-03T02:08:23.653+0000] {subprocess.py:93} INFO - 25/09/03 02:09:13 WARN GarbageCollectionMetrics: To enable non-built-in garbage collector(s) List(G1 Concurrent GC), users should configure it(them) to spark.eventLog.gcMetrics.youngGenerationGarbageCollectors or spark.eventLog.gcMetrics.oldGenerationGarbageCollectors
[2025-09-03T02:08:27.956+0000] {subprocess.py:93} INFO - Silver reclamacoes data saved
[2025-09-03T02:08:27.956+0000] {subprocess.py:93} INFO - ✅ Table comments added for tb_sv_reclamacoes
[2025-09-03T02:08:28.417+0000] {subprocess.py:97} INFO - Command exited with return code 0
[2025-09-03T02:08:28.442+0000] {taskinstance.py:1318} INFO - Marking task as SUCCESS. dag_id=institution_detail_pipeline, task_id=silver_reclamacoes, execution_date=20250901T090000, start_date=20250903T020727, end_date=20250903T020828
[2025-09-03T02:08:28.481+0000] {local_task_job.py:208} INFO - Task exited with return code 0
[2025-09-03T02:08:28.504+0000] {taskinstance.py:2578} INFO - 1 downstream tasks scheduled from follow-on schedule check
