[2025-09-03T00:28:20.868+0000] {taskinstance.py:1083} INFO - Dependencies all met for <TaskInstance: institution_detail_pipeline.bronze_reclamacoes manual__2025-09-03T00:28:18.583765+00:00 [queued]>
[2025-09-03T00:28:20.874+0000] {taskinstance.py:1083} INFO - Dependencies all met for <TaskInstance: institution_detail_pipeline.bronze_reclamacoes manual__2025-09-03T00:28:18.583765+00:00 [queued]>
[2025-09-03T00:28:20.874+0000] {taskinstance.py:1279} INFO - 
--------------------------------------------------------------------------------
[2025-09-03T00:28:20.874+0000] {taskinstance.py:1280} INFO - Starting attempt 1 of 1
[2025-09-03T00:28:20.874+0000] {taskinstance.py:1281} INFO - 
--------------------------------------------------------------------------------
[2025-09-03T00:28:20.882+0000] {taskinstance.py:1300} INFO - Executing <Task(BashOperator): bronze_reclamacoes> on 2025-09-03 00:28:18.583765+00:00
[2025-09-03T00:28:20.885+0000] {standard_task_runner.py:55} INFO - Started process 16339 to run task
[2025-09-03T00:28:20.887+0000] {standard_task_runner.py:82} INFO - Running: ['***', 'tasks', 'run', 'institution_detail_pipeline', 'bronze_reclamacoes', 'manual__2025-09-03T00:28:18.583765+00:00', '--job-id', '98', '--raw', '--subdir', 'DAGS_FOLDER/dag_institution.py', '--cfg-path', '/tmp/tmpgf9uny1s']
[2025-09-03T00:28:20.888+0000] {standard_task_runner.py:83} INFO - Job 98: Subtask bronze_reclamacoes
[2025-09-03T00:28:20.903+0000] {logging_mixin.py:137} WARNING - /usr/local/lib/python3.9/site-packages/***/settings.py:249 DeprecationWarning: The sql_alchemy_conn option in [core] has been moved to the sql_alchemy_conn option in [database] - the old setting has been used, but please update your config.
[2025-09-03T00:28:20.952+0000] {task_command.py:388} INFO - Running <TaskInstance: institution_detail_pipeline.bronze_reclamacoes manual__2025-09-03T00:28:18.583765+00:00 [running]> on host f321ea8b8484
[2025-09-03T00:28:21.012+0000] {taskinstance.py:1507} INFO - Exporting the following env vars:
AIRFLOW_CTX_DAG_OWNER=Klaus_Rezende
AIRFLOW_CTX_DAG_ID=institution_detail_pipeline
AIRFLOW_CTX_TASK_ID=bronze_reclamacoes
AIRFLOW_CTX_EXECUTION_DATE=2025-09-03T00:28:18.583765+00:00
AIRFLOW_CTX_TRY_NUMBER=1
AIRFLOW_CTX_DAG_RUN_ID=manual__2025-09-03T00:28:18.583765+00:00
[2025-09-03T00:28:21.013+0000] {subprocess.py:63} INFO - Tmp dir root location: 
 /tmp
[2025-09-03T00:28:21.013+0000] {subprocess.py:75} INFO - Running command: ['/usr/bin/bash', '-c', 'python3 /opt/***/scripts/bronze/tb_bz_reclamacoes.py']
[2025-09-03T00:28:21.020+0000] {subprocess.py:86} INFO - Output:
[2025-09-03T00:29:13.372+0000] {subprocess.py:93} INFO - 25/09/03 00:29:13 WARN NativeCodeLoader: Unable to load native-hadoop library for your platform... using builtin-java classes where applicable
[2025-09-03T00:28:22.827+0000] {subprocess.py:93} INFO - Setting default log level to "WARN".
[2025-09-03T00:28:22.827+0000] {subprocess.py:93} INFO - To adjust logging level use sc.setLogLevel(newLevel). For SparkR, use setLogLevel(newLevel).
[2025-09-03T00:28:28.190+0000] {subprocess.py:93} INFO - Bronze reclamacoes data saved
[2025-09-03T00:28:28.718+0000] {subprocess.py:97} INFO - Command exited with return code 0
[2025-09-03T00:28:28.749+0000] {taskinstance.py:1318} INFO - Marking task as SUCCESS. dag_id=institution_detail_pipeline, task_id=bronze_reclamacoes, execution_date=20250903T002818, start_date=20250903T002820, end_date=20250903T002828
[2025-09-03T00:28:28.787+0000] {local_task_job.py:208} INFO - Task exited with return code 0
[2025-09-03T00:28:28.811+0000] {taskinstance.py:2578} INFO - 1 downstream tasks scheduled from follow-on schedule check
