[2025-09-03T01:51:27.715+0000] {taskinstance.py:1083} INFO - Dependencies all met for <TaskInstance: institution_detail_pipeline.bronze_bancos scheduled__2025-09-01T09:00:00+00:00 [queued]>
[2025-09-03T01:51:27.721+0000] {taskinstance.py:1083} INFO - Dependencies all met for <TaskInstance: institution_detail_pipeline.bronze_bancos scheduled__2025-09-01T09:00:00+00:00 [queued]>
[2025-09-03T01:51:27.721+0000] {taskinstance.py:1279} INFO - 
--------------------------------------------------------------------------------
[2025-09-03T01:51:27.721+0000] {taskinstance.py:1280} INFO - Starting attempt 1 of 1
[2025-09-03T01:51:27.721+0000] {taskinstance.py:1281} INFO - 
--------------------------------------------------------------------------------
[2025-09-03T01:51:27.730+0000] {taskinstance.py:1300} INFO - Executing <Task(BashOperator): bronze_bancos> on 2025-09-01 09:00:00+00:00
[2025-09-03T01:51:27.732+0000] {standard_task_runner.py:55} INFO - Started process 421 to run task
[2025-09-03T01:51:27.735+0000] {standard_task_runner.py:82} INFO - Running: ['***', 'tasks', 'run', 'institution_detail_pipeline', 'bronze_bancos', 'scheduled__2025-09-01T09:00:00+00:00', '--job-id', '3', '--raw', '--subdir', 'DAGS_FOLDER/dag_institution.py', '--cfg-path', '/tmp/tmpg6ioculo']
[2025-09-03T01:51:27.736+0000] {standard_task_runner.py:83} INFO - Job 3: Subtask bronze_bancos
[2025-09-03T01:51:27.747+0000] {logging_mixin.py:137} WARNING - /usr/local/lib/python3.9/site-packages/***/settings.py:249 DeprecationWarning: The sql_alchemy_conn option in [core] has been moved to the sql_alchemy_conn option in [database] - the old setting has been used, but please update your config.
[2025-09-03T01:51:27.766+0000] {logging_mixin.py:137} WARNING - /usr/local/lib/python3.9/site-packages/***/utils/sqlalchemy.py:124 DeprecationWarning: The sql_alchemy_conn option in [core] has been moved to the sql_alchemy_conn option in [database] - the old setting has been used, but please update your config.
[2025-09-03T01:51:27.791+0000] {task_command.py:388} INFO - Running <TaskInstance: institution_detail_pipeline.bronze_bancos scheduled__2025-09-01T09:00:00+00:00 [running]> on host fe630f5e6718
[2025-09-03T01:51:27.851+0000] {taskinstance.py:1507} INFO - Exporting the following env vars:
AIRFLOW_CTX_DAG_OWNER=Klaus_Rezende
AIRFLOW_CTX_DAG_ID=institution_detail_pipeline
AIRFLOW_CTX_TASK_ID=bronze_bancos
AIRFLOW_CTX_EXECUTION_DATE=2025-09-01T09:00:00+00:00
AIRFLOW_CTX_TRY_NUMBER=1
AIRFLOW_CTX_DAG_RUN_ID=scheduled__2025-09-01T09:00:00+00:00
[2025-09-03T01:51:27.859+0000] {subprocess.py:63} INFO - Tmp dir root location: 
 /tmp
[2025-09-03T01:51:27.860+0000] {subprocess.py:75} INFO - Running command: ['/usr/bin/bash', '-c', 'python3 /opt/***/scripts/bronze/tb_bz_bancos.py']
[2025-09-03T01:51:27.871+0000] {subprocess.py:86} INFO - Output:
[2025-09-03T01:52:25.511+0000] {subprocess.py:93} INFO - 25/09/03 01:52:25 WARN NativeCodeLoader: Unable to load native-hadoop library for your platform... using builtin-java classes where applicable
[2025-09-03T01:51:35.406+0000] {subprocess.py:93} INFO - Setting default log level to "WARN".
[2025-09-03T01:51:35.406+0000] {subprocess.py:93} INFO - To adjust logging level use sc.setLogLevel(newLevel). For SparkR, use setLogLevel(newLevel).
[2025-09-03T01:51:36.162+0000] {subprocess.py:93} INFO - 25/09/03 01:51:36 WARN Utils: Service 'SparkUI' could not bind on port 4040. Attempting port 4041.
[2025-09-03T01:51:41.033+0000] {subprocess.py:93} INFO - Bronze bancos data saved
[2025-09-03T01:51:41.664+0000] {subprocess.py:97} INFO - Command exited with return code 0
[2025-09-03T01:51:41.691+0000] {taskinstance.py:1318} INFO - Marking task as SUCCESS. dag_id=institution_detail_pipeline, task_id=bronze_bancos, execution_date=20250901T090000, start_date=20250903T015127, end_date=20250903T015141
[2025-09-03T01:51:41.748+0000] {local_task_job.py:208} INFO - Task exited with return code 0
[2025-09-03T01:51:41.770+0000] {taskinstance.py:2578} INFO - 1 downstream tasks scheduled from follow-on schedule check
[2025-09-03T02:06:47.458+0000] {taskinstance.py:1083} INFO - Dependencies all met for <TaskInstance: institution_detail_pipeline.bronze_bancos scheduled__2025-09-01T09:00:00+00:00 [queued]>
[2025-09-03T02:06:47.478+0000] {taskinstance.py:1083} INFO - Dependencies all met for <TaskInstance: institution_detail_pipeline.bronze_bancos scheduled__2025-09-01T09:00:00+00:00 [queued]>
[2025-09-03T02:06:47.479+0000] {taskinstance.py:1279} INFO - 
--------------------------------------------------------------------------------
[2025-09-03T02:06:47.479+0000] {taskinstance.py:1280} INFO - Starting attempt 1 of 1
[2025-09-03T02:06:47.479+0000] {taskinstance.py:1281} INFO - 
--------------------------------------------------------------------------------
[2025-09-03T02:06:47.495+0000] {taskinstance.py:1300} INFO - Executing <Task(BashOperator): bronze_bancos> on 2025-09-01 09:00:00+00:00
[2025-09-03T02:06:47.500+0000] {standard_task_runner.py:55} INFO - Started process 260 to run task
[2025-09-03T02:06:47.504+0000] {standard_task_runner.py:82} INFO - Running: ['***', 'tasks', 'run', 'institution_detail_pipeline', 'bronze_bancos', 'scheduled__2025-09-01T09:00:00+00:00', '--job-id', '4', '--raw', '--subdir', 'DAGS_FOLDER/dag_institution.py', '--cfg-path', '/tmp/tmp_b8unw0r']
[2025-09-03T02:06:47.506+0000] {standard_task_runner.py:83} INFO - Job 4: Subtask bronze_bancos
[2025-09-03T02:06:47.577+0000] {logging_mixin.py:137} WARNING - /usr/local/lib/python3.9/site-packages/***/settings.py:249 DeprecationWarning: The sql_alchemy_conn option in [core] has been moved to the sql_alchemy_conn option in [database] - the old setting has been used, but please update your config.
[2025-09-03T02:06:47.675+0000] {logging_mixin.py:137} WARNING - /usr/local/lib/python3.9/site-packages/***/utils/sqlalchemy.py:124 DeprecationWarning: The sql_alchemy_conn option in [core] has been moved to the sql_alchemy_conn option in [database] - the old setting has been used, but please update your config.
[2025-09-03T02:06:48.279+0000] {task_command.py:388} INFO - Running <TaskInstance: institution_detail_pipeline.bronze_bancos scheduled__2025-09-01T09:00:00+00:00 [running]> on host 72c28e8237fc
[2025-09-03T02:06:50.138+0000] {taskinstance.py:1507} INFO - Exporting the following env vars:
AIRFLOW_CTX_DAG_OWNER=Klaus_Rezende
AIRFLOW_CTX_DAG_ID=institution_detail_pipeline
AIRFLOW_CTX_TASK_ID=bronze_bancos
AIRFLOW_CTX_EXECUTION_DATE=2025-09-01T09:00:00+00:00
AIRFLOW_CTX_TRY_NUMBER=1
AIRFLOW_CTX_DAG_RUN_ID=scheduled__2025-09-01T09:00:00+00:00
[2025-09-03T02:06:50.180+0000] {subprocess.py:63} INFO - Tmp dir root location: 
 /tmp
[2025-09-03T02:06:50.199+0000] {subprocess.py:75} INFO - Running command: ['/usr/bin/bash', '-c', 'python3 /opt/***/scripts/bronze/tb_bz_bancos.py']
[2025-09-03T02:06:50.276+0000] {subprocess.py:86} INFO - Output:
[2025-09-03T02:07:00.525+0000] {subprocess.py:93} INFO - 25/09/03 02:07:00 WARN NativeCodeLoader: Unable to load native-hadoop library for your platform... using builtin-java classes where applicable
[2025-09-03T02:07:00.751+0000] {subprocess.py:93} INFO - Setting default log level to "WARN".
[2025-09-03T02:07:00.751+0000] {subprocess.py:93} INFO - To adjust logging level use sc.setLogLevel(newLevel). For SparkR, use setLogLevel(newLevel).
[2025-09-03T02:07:01.970+0000] {subprocess.py:93} INFO - 25/09/03 02:07:01 WARN Utils: Service 'SparkUI' could not bind on port 4040. Attempting port 4041.
[2025-09-03T02:07:01.972+0000] {subprocess.py:93} INFO - 25/09/03 02:07:01 WARN Utils: Service 'SparkUI' could not bind on port 4041. Attempting port 4042.
[2025-09-03T02:07:01.974+0000] {subprocess.py:93} INFO - 25/09/03 02:07:01 WARN Utils: Service 'SparkUI' could not bind on port 4042. Attempting port 4043.
[2025-09-03T02:07:18.243+0000] {subprocess.py:93} INFO - 25/09/03 02:07:18 WARN GarbageCollectionMetrics: To enable non-built-in garbage collector(s) List(G1 Concurrent GC), users should configure it(them) to spark.eventLog.gcMetrics.youngGenerationGarbageCollectors or spark.eventLog.gcMetrics.oldGenerationGarbageCollectors
[2025-09-03T02:07:23.200+0000] {subprocess.py:93} INFO - Bronze bancos data saved
[2025-09-03T02:07:23.202+0000] {subprocess.py:93} INFO - ✅ Table comments added for tb_bz_bancos
[2025-09-03T02:07:23.962+0000] {subprocess.py:97} INFO - Command exited with return code 0
[2025-09-03T02:07:24.409+0000] {taskinstance.py:1318} INFO - Marking task as SUCCESS. dag_id=institution_detail_pipeline, task_id=bronze_bancos, execution_date=20250901T090000, start_date=20250903T020647, end_date=20250903T020724
[2025-09-03T02:07:24.568+0000] {local_task_job.py:208} INFO - Task exited with return code 0
[2025-09-03T02:07:24.690+0000] {taskinstance.py:2578} INFO - 1 downstream tasks scheduled from follow-on schedule check
[2025-09-03T04:38:55.542+0000] {taskinstance.py:1083} INFO - Dependencies all met for <TaskInstance: institution_detail_pipeline.bronze_bancos scheduled__2025-09-01T09:00:00+00:00 [queued]>
[2025-09-03T04:38:55.552+0000] {taskinstance.py:1083} INFO - Dependencies all met for <TaskInstance: institution_detail_pipeline.bronze_bancos scheduled__2025-09-01T09:00:00+00:00 [queued]>
[2025-09-03T04:38:55.552+0000] {taskinstance.py:1279} INFO - 
--------------------------------------------------------------------------------
[2025-09-03T04:38:55.552+0000] {taskinstance.py:1280} INFO - Starting attempt 1 of 1
[2025-09-03T04:38:55.552+0000] {taskinstance.py:1281} INFO - 
--------------------------------------------------------------------------------
[2025-09-03T04:38:55.562+0000] {taskinstance.py:1300} INFO - Executing <Task(BashOperator): bronze_bancos> on 2025-09-01 09:00:00+00:00
[2025-09-03T04:38:55.564+0000] {standard_task_runner.py:55} INFO - Started process 307 to run task
[2025-09-03T04:38:55.566+0000] {standard_task_runner.py:82} INFO - Running: ['***', 'tasks', 'run', 'institution_detail_pipeline', 'bronze_bancos', 'scheduled__2025-09-01T09:00:00+00:00', '--job-id', '3', '--raw', '--subdir', 'DAGS_FOLDER/dag_institution.py', '--cfg-path', '/tmp/tmp0y519bu_']
[2025-09-03T04:38:55.568+0000] {standard_task_runner.py:83} INFO - Job 3: Subtask bronze_bancos
[2025-09-03T04:38:55.588+0000] {logging_mixin.py:137} WARNING - /usr/local/lib/python3.9/site-packages/***/settings.py:249 DeprecationWarning: The sql_alchemy_conn option in [core] has been moved to the sql_alchemy_conn option in [database] - the old setting has been used, but please update your config.
[2025-09-03T04:38:55.605+0000] {logging_mixin.py:137} WARNING - /usr/local/lib/python3.9/site-packages/***/utils/sqlalchemy.py:124 DeprecationWarning: The sql_alchemy_conn option in [core] has been moved to the sql_alchemy_conn option in [database] - the old setting has been used, but please update your config.
[2025-09-03T04:38:55.629+0000] {task_command.py:388} INFO - Running <TaskInstance: institution_detail_pipeline.bronze_bancos scheduled__2025-09-01T09:00:00+00:00 [running]> on host 56e79e5a4e8c
[2025-09-03T04:38:55.696+0000] {taskinstance.py:1507} INFO - Exporting the following env vars:
AIRFLOW_CTX_DAG_OWNER=Klaus_Rezende
AIRFLOW_CTX_DAG_ID=institution_detail_pipeline
AIRFLOW_CTX_TASK_ID=bronze_bancos
AIRFLOW_CTX_EXECUTION_DATE=2025-09-01T09:00:00+00:00
AIRFLOW_CTX_TRY_NUMBER=1
AIRFLOW_CTX_DAG_RUN_ID=scheduled__2025-09-01T09:00:00+00:00
[2025-09-03T04:38:55.698+0000] {subprocess.py:63} INFO - Tmp dir root location: 
 /tmp
[2025-09-03T04:38:55.699+0000] {subprocess.py:75} INFO - Running command: ['/usr/bin/bash', '-c', 'python3 /opt/***/scripts/bronze/tb_bz_bancos.py']
[2025-09-03T04:38:55.709+0000] {subprocess.py:86} INFO - Output:
[2025-09-03T04:38:57.963+0000] {subprocess.py:93} INFO - 25/09/03 04:38:57 WARN NativeCodeLoader: Unable to load native-hadoop library for your platform... using builtin-java classes where applicable
[2025-09-03T04:38:58.098+0000] {subprocess.py:93} INFO - Setting default log level to "WARN".
[2025-09-03T04:38:58.098+0000] {subprocess.py:93} INFO - To adjust logging level use sc.setLogLevel(newLevel). For SparkR, use setLogLevel(newLevel).
[2025-09-03T04:38:58.781+0000] {subprocess.py:93} INFO - 25/09/03 04:38:58 WARN Utils: Service 'SparkUI' could not bind on port 4040. Attempting port 4041.
[2025-09-03T04:38:58.782+0000] {subprocess.py:93} INFO - 25/09/03 04:38:58 WARN Utils: Service 'SparkUI' could not bind on port 4041. Attempting port 4042.
[2025-09-03T04:39:44.332+0000] {subprocess.py:93} INFO - 25/09/03 04:39:44 WARN GarbageCollectionMetrics: To enable non-built-in garbage collector(s) List(G1 Concurrent GC), users should configure it(them) to spark.eventLog.gcMetrics.youngGenerationGarbageCollectors or spark.eventLog.gcMetrics.oldGenerationGarbageCollectors
[2025-09-03T04:39:48.391+0000] {subprocess.py:93} INFO - Bronze bancos data saved
[2025-09-03T04:39:48.392+0000] {subprocess.py:93} INFO - ✅ Table comments added for tb_bz_bancos
[2025-09-03T04:39:48.918+0000] {subprocess.py:97} INFO - Command exited with return code 0
[2025-09-03T04:39:48.946+0000] {taskinstance.py:1318} INFO - Marking task as SUCCESS. dag_id=institution_detail_pipeline, task_id=bronze_bancos, execution_date=20250901T090000, start_date=20250903T043855, end_date=20250903T043948
[2025-09-03T04:39:48.976+0000] {local_task_job.py:208} INFO - Task exited with return code 0
[2025-09-03T04:39:49.002+0000] {taskinstance.py:2578} INFO - 1 downstream tasks scheduled from follow-on schedule check
