[2025-09-03T02:01:21.976+0000] {taskinstance.py:1083} INFO - Dependencies all met for <TaskInstance: institution_detail_pipeline.bronze_empregados manual__2025-09-03T02:01:20.557374+00:00 [queued]>
[2025-09-03T02:01:21.982+0000] {taskinstance.py:1083} INFO - Dependencies all met for <TaskInstance: institution_detail_pipeline.bronze_empregados manual__2025-09-03T02:01:20.557374+00:00 [queued]>
[2025-09-03T02:01:21.982+0000] {taskinstance.py:1279} INFO - 
--------------------------------------------------------------------------------
[2025-09-03T02:01:21.982+0000] {taskinstance.py:1280} INFO - Starting attempt 1 of 1
[2025-09-03T02:01:21.982+0000] {taskinstance.py:1281} INFO - 
--------------------------------------------------------------------------------
[2025-09-03T02:01:21.991+0000] {taskinstance.py:1300} INFO - Executing <Task(BashOperator): bronze_empregados> on 2025-09-03 02:01:20.557374+00:00
[2025-09-03T02:01:21.995+0000] {standard_task_runner.py:55} INFO - Started process 2195 to run task
[2025-09-03T02:01:21.998+0000] {standard_task_runner.py:82} INFO - Running: ['***', 'tasks', 'run', 'institution_detail_pipeline', 'bronze_empregados', 'manual__2025-09-03T02:01:20.557374+00:00', '--job-id', '14', '--raw', '--subdir', 'DAGS_FOLDER/dag_institution.py', '--cfg-path', '/tmp/tmpn2ads977']
[2025-09-03T02:01:22.000+0000] {standard_task_runner.py:83} INFO - Job 14: Subtask bronze_empregados
[2025-09-03T02:01:22.014+0000] {logging_mixin.py:137} WARNING - /usr/local/lib/python3.9/site-packages/***/settings.py:249 DeprecationWarning: The sql_alchemy_conn option in [core] has been moved to the sql_alchemy_conn option in [database] - the old setting has been used, but please update your config.
[2025-09-03T02:01:22.053+0000] {task_command.py:388} INFO - Running <TaskInstance: institution_detail_pipeline.bronze_empregados manual__2025-09-03T02:01:20.557374+00:00 [running]> on host fe630f5e6718
[2025-09-03T02:01:22.108+0000] {taskinstance.py:1507} INFO - Exporting the following env vars:
AIRFLOW_CTX_DAG_OWNER=Klaus_Rezende
AIRFLOW_CTX_DAG_ID=institution_detail_pipeline
AIRFLOW_CTX_TASK_ID=bronze_empregados
AIRFLOW_CTX_EXECUTION_DATE=2025-09-03T02:01:20.557374+00:00
AIRFLOW_CTX_TRY_NUMBER=1
AIRFLOW_CTX_DAG_RUN_ID=manual__2025-09-03T02:01:20.557374+00:00
[2025-09-03T02:01:22.109+0000] {subprocess.py:63} INFO - Tmp dir root location: 
 /tmp
[2025-09-03T02:01:22.110+0000] {subprocess.py:75} INFO - Running command: ['/usr/bin/bash', '-c', 'python3 /opt/***/scripts/bronze/tb_bz_empregados.py']
[2025-09-03T02:01:22.116+0000] {subprocess.py:86} INFO - Output:
[2025-09-03T02:01:23.723+0000] {subprocess.py:93} INFO - 25/09/03 02:01:23 WARN NativeCodeLoader: Unable to load native-hadoop library for your platform... using builtin-java classes where applicable
[2025-09-03T02:01:23.851+0000] {subprocess.py:93} INFO - Setting default log level to "WARN".
[2025-09-03T02:01:23.852+0000] {subprocess.py:93} INFO - To adjust logging level use sc.setLogLevel(newLevel). For SparkR, use setLogLevel(newLevel).
[2025-09-03T02:01:28.909+0000] {subprocess.py:93} INFO - 25/09/03 02:01:28 WARN CSVHeaderChecker: CSV header does not conform to the schema.
[2025-09-03T02:01:28.909+0000] {subprocess.py:93} INFO -  Header: Geral, Cultura e valores, Diversidade e inclusão, Qualidade de vida, Alta liderança, Remuneração e benefícios, Oportunidades de carreira, CNPJ, Nome, match_percent
[2025-09-03T02:01:28.909+0000] {subprocess.py:93} INFO -  Schema: Geral, Cultura e valores, Diversidade e inclusão, Qualidade de vida, Alta liderança, Remuneração e benefícios, Oportunidades de carreira, Segmento, Nome, match_percent
[2025-09-03T02:01:28.910+0000] {subprocess.py:93} INFO - Expected: Segmento but found: CNPJ
[2025-09-03T02:01:28.910+0000] {subprocess.py:93} INFO - CSV file: file:///opt/***/data_source/Empregados/glassdoor_consolidado_join_match_less_v2.csv
[2025-09-03T02:01:29.057+0000] {subprocess.py:93} INFO - Bronze empregados data saved
[2025-09-03T02:01:29.058+0000] {subprocess.py:93} INFO - ✅ Table comments added for tb_bz_empregados
[2025-09-03T02:01:29.571+0000] {subprocess.py:97} INFO - Command exited with return code 0
[2025-09-03T02:01:29.596+0000] {taskinstance.py:1318} INFO - Marking task as SUCCESS. dag_id=institution_detail_pipeline, task_id=bronze_empregados, execution_date=20250903T020120, start_date=20250903T020121, end_date=20250903T020129
[2025-09-03T02:01:29.609+0000] {local_task_job.py:208} INFO - Task exited with return code 0
[2025-09-03T02:01:29.627+0000] {taskinstance.py:2578} INFO - 1 downstream tasks scheduled from follow-on schedule check
