[2025-09-03T02:22:22.593+0000] {taskinstance.py:1083} INFO - Dependencies all met for <TaskInstance: institution_detail_pipeline.trigger_dataquality manual__2025-09-03T02:21:47.280098+00:00 [queued]>
[2025-09-03T02:22:22.599+0000] {taskinstance.py:1083} INFO - Dependencies all met for <TaskInstance: institution_detail_pipeline.trigger_dataquality manual__2025-09-03T02:21:47.280098+00:00 [queued]>
[2025-09-03T02:22:22.599+0000] {taskinstance.py:1279} INFO - 
--------------------------------------------------------------------------------
[2025-09-03T02:22:22.599+0000] {taskinstance.py:1280} INFO - Starting attempt 1 of 1
[2025-09-03T02:22:22.599+0000] {taskinstance.py:1281} INFO - 
--------------------------------------------------------------------------------
[2025-09-03T02:22:22.607+0000] {taskinstance.py:1300} INFO - Executing <Task(TriggerDagRunOperator): trigger_dataquality> on 2025-09-03 02:21:47.280098+00:00
[2025-09-03T02:22:22.610+0000] {standard_task_runner.py:55} INFO - Started process 2432 to run task
[2025-09-03T02:22:22.612+0000] {standard_task_runner.py:82} INFO - Running: ['***', 'tasks', 'run', 'institution_detail_pipeline', 'trigger_dataquality', 'manual__2025-09-03T02:21:47.280098+00:00', '--job-id', '47', '--raw', '--subdir', 'DAGS_FOLDER/dag_institution.py', '--cfg-path', '/tmp/tmph6stxlvf']
[2025-09-03T02:22:22.613+0000] {standard_task_runner.py:83} INFO - Job 47: Subtask trigger_dataquality
[2025-09-03T02:22:22.623+0000] {logging_mixin.py:137} WARNING - /usr/local/lib/python3.9/site-packages/***/settings.py:249 DeprecationWarning: The sql_alchemy_conn option in [core] has been moved to the sql_alchemy_conn option in [database] - the old setting has been used, but please update your config.
[2025-09-03T02:22:22.655+0000] {task_command.py:388} INFO - Running <TaskInstance: institution_detail_pipeline.trigger_dataquality manual__2025-09-03T02:21:47.280098+00:00 [running]> on host 72c28e8237fc
[2025-09-03T02:22:22.698+0000] {taskinstance.py:1507} INFO - Exporting the following env vars:
AIRFLOW_CTX_DAG_OWNER=Klaus_Rezende
AIRFLOW_CTX_DAG_ID=institution_detail_pipeline
AIRFLOW_CTX_TASK_ID=trigger_dataquality
AIRFLOW_CTX_EXECUTION_DATE=2025-09-03T02:21:47.280098+00:00
AIRFLOW_CTX_TRY_NUMBER=1
AIRFLOW_CTX_DAG_RUN_ID=manual__2025-09-03T02:21:47.280098+00:00
[2025-09-03T02:22:22.761+0000] {taskinstance.py:1318} INFO - Marking task as SUCCESS. dag_id=institution_detail_pipeline, task_id=trigger_dataquality, execution_date=20250903T022147, start_date=20250903T022222, end_date=20250903T022222
[2025-09-03T02:22:22.784+0000] {local_task_job.py:208} INFO - Task exited with return code 0
[2025-09-03T02:22:22.798+0000] {taskinstance.py:2578} INFO - 1 downstream tasks scheduled from follow-on schedule check
