[2025-09-03T02:01:48.152+0000] {taskinstance.py:1083} INFO - Dependencies all met for <TaskInstance: institution_detail_pipeline.trigger_dataquality manual__2025-09-03T02:01:20.557374+00:00 [queued]>
[2025-09-03T02:01:48.158+0000] {taskinstance.py:1083} INFO - Dependencies all met for <TaskInstance: institution_detail_pipeline.trigger_dataquality manual__2025-09-03T02:01:20.557374+00:00 [queued]>
[2025-09-03T02:01:48.158+0000] {taskinstance.py:1279} INFO - 
--------------------------------------------------------------------------------
[2025-09-03T02:01:48.158+0000] {taskinstance.py:1280} INFO - Starting attempt 1 of 1
[2025-09-03T02:01:48.158+0000] {taskinstance.py:1281} INFO - 
--------------------------------------------------------------------------------
[2025-09-03T02:01:48.165+0000] {taskinstance.py:1300} INFO - Executing <Task(TriggerDagRunOperator): trigger_dataquality> on 2025-09-03 02:01:20.557374+00:00
[2025-09-03T02:01:48.167+0000] {standard_task_runner.py:55} INFO - Started process 3726 to run task
[2025-09-03T02:01:48.169+0000] {standard_task_runner.py:82} INFO - Running: ['***', 'tasks', 'run', 'institution_detail_pipeline', 'trigger_dataquality', 'manual__2025-09-03T02:01:20.557374+00:00', '--job-id', '20', '--raw', '--subdir', 'DAGS_FOLDER/dag_institution.py', '--cfg-path', '/tmp/tmpou5dwvc7']
[2025-09-03T02:01:48.170+0000] {standard_task_runner.py:83} INFO - Job 20: Subtask trigger_dataquality
[2025-09-03T02:01:48.180+0000] {logging_mixin.py:137} WARNING - /usr/local/lib/python3.9/site-packages/***/settings.py:249 DeprecationWarning: The sql_alchemy_conn option in [core] has been moved to the sql_alchemy_conn option in [database] - the old setting has been used, but please update your config.
[2025-09-03T02:01:48.210+0000] {task_command.py:388} INFO - Running <TaskInstance: institution_detail_pipeline.trigger_dataquality manual__2025-09-03T02:01:20.557374+00:00 [running]> on host fe630f5e6718
[2025-09-03T02:01:48.250+0000] {taskinstance.py:1507} INFO - Exporting the following env vars:
AIRFLOW_CTX_DAG_OWNER=Klaus_Rezende
AIRFLOW_CTX_DAG_ID=institution_detail_pipeline
AIRFLOW_CTX_TASK_ID=trigger_dataquality
AIRFLOW_CTX_EXECUTION_DATE=2025-09-03T02:01:20.557374+00:00
AIRFLOW_CTX_TRY_NUMBER=1
AIRFLOW_CTX_DAG_RUN_ID=manual__2025-09-03T02:01:20.557374+00:00
[2025-09-03T02:01:48.303+0000] {taskinstance.py:1318} INFO - Marking task as SUCCESS. dag_id=institution_detail_pipeline, task_id=trigger_dataquality, execution_date=20250903T020120, start_date=20250903T020148, end_date=20250903T020148
[2025-09-03T02:01:48.341+0000] {local_task_job.py:208} INFO - Task exited with return code 0
[2025-09-03T02:01:48.355+0000] {taskinstance.py:2578} INFO - 1 downstream tasks scheduled from follow-on schedule check
