[2025-09-03T00:28:30.135+0000] {taskinstance.py:1083} INFO - Dependencies all met for <TaskInstance: institution_detail_pipeline.silver_bancos manual__2025-09-03T00:28:18.583765+00:00 [queued]>
[2025-09-03T00:28:30.144+0000] {taskinstance.py:1083} INFO - Dependencies all met for <TaskInstance: institution_detail_pipeline.silver_bancos manual__2025-09-03T00:28:18.583765+00:00 [queued]>
[2025-09-03T00:28:30.144+0000] {taskinstance.py:1279} INFO - 
--------------------------------------------------------------------------------
[2025-09-03T00:28:30.144+0000] {taskinstance.py:1280} INFO - Starting attempt 1 of 1
[2025-09-03T00:28:30.144+0000] {taskinstance.py:1281} INFO - 
--------------------------------------------------------------------------------
[2025-09-03T00:28:30.153+0000] {taskinstance.py:1300} INFO - Executing <Task(BashOperator): silver_bancos> on 2025-09-03 00:28:18.583765+00:00
[2025-09-03T00:28:30.156+0000] {standard_task_runner.py:55} INFO - Started process 16941 to run task
[2025-09-03T00:28:30.158+0000] {standard_task_runner.py:82} INFO - Running: ['***', 'tasks', 'run', 'institution_detail_pipeline', 'silver_bancos', 'manual__2025-09-03T00:28:18.583765+00:00', '--job-id', '101', '--raw', '--subdir', 'DAGS_FOLDER/dag_institution.py', '--cfg-path', '/tmp/tmpws1wsev9']
[2025-09-03T00:28:30.160+0000] {standard_task_runner.py:83} INFO - Job 101: Subtask silver_bancos
[2025-09-03T00:28:30.174+0000] {logging_mixin.py:137} WARNING - /usr/local/lib/python3.9/site-packages/***/settings.py:249 DeprecationWarning: The sql_alchemy_conn option in [core] has been moved to the sql_alchemy_conn option in [database] - the old setting has been used, but please update your config.
[2025-09-03T00:28:30.214+0000] {task_command.py:388} INFO - Running <TaskInstance: institution_detail_pipeline.silver_bancos manual__2025-09-03T00:28:18.583765+00:00 [running]> on host f321ea8b8484
[2025-09-03T00:28:30.264+0000] {taskinstance.py:1507} INFO - Exporting the following env vars:
AIRFLOW_CTX_DAG_OWNER=Klaus_Rezende
AIRFLOW_CTX_DAG_ID=institution_detail_pipeline
AIRFLOW_CTX_TASK_ID=silver_bancos
AIRFLOW_CTX_EXECUTION_DATE=2025-09-03T00:28:18.583765+00:00
AIRFLOW_CTX_TRY_NUMBER=1
AIRFLOW_CTX_DAG_RUN_ID=manual__2025-09-03T00:28:18.583765+00:00
[2025-09-03T00:28:30.265+0000] {subprocess.py:63} INFO - Tmp dir root location: 
 /tmp
[2025-09-03T00:28:30.266+0000] {subprocess.py:75} INFO - Running command: ['/usr/bin/bash', '-c', 'python3 /opt/***/scripts/silver/tb_sv_bancos.py']
[2025-09-03T00:28:30.273+0000] {subprocess.py:86} INFO - Output:
[2025-09-03T00:28:32.768+0000] {subprocess.py:93} INFO - 25/09/03 00:28:32 WARN NativeCodeLoader: Unable to load native-hadoop library for your platform... using builtin-java classes where applicable
[2025-09-03T00:28:32.958+0000] {subprocess.py:93} INFO - Setting default log level to "WARN".
[2025-09-03T00:28:32.958+0000] {subprocess.py:93} INFO - To adjust logging level use sc.setLogLevel(newLevel). For SparkR, use setLogLevel(newLevel).
[2025-09-03T00:28:38.197+0000] {subprocess.py:93} INFO - [Stage 0:>                                                          (0 + 1) / 1]                                                                                Silver bancos data saved
[2025-09-03T00:28:38.722+0000] {subprocess.py:97} INFO - Command exited with return code 0
[2025-09-03T00:28:38.771+0000] {taskinstance.py:1318} INFO - Marking task as SUCCESS. dag_id=institution_detail_pipeline, task_id=silver_bancos, execution_date=20250903T002818, start_date=20250903T002830, end_date=20250903T002838
[2025-09-03T00:28:38.813+0000] {local_task_job.py:208} INFO - Task exited with return code 0
[2025-09-03T00:28:38.830+0000] {taskinstance.py:2578} INFO - 0 downstream tasks scheduled from follow-on schedule check
