[2025-09-03T02:01:30.151+0000] {taskinstance.py:1083} INFO - Dependencies all met for <TaskInstance: institution_detail_pipeline.silver_empregados manual__2025-09-03T02:01:20.557374+00:00 [queued]>
[2025-09-03T02:01:30.160+0000] {taskinstance.py:1083} INFO - Dependencies all met for <TaskInstance: institution_detail_pipeline.silver_empregados manual__2025-09-03T02:01:20.557374+00:00 [queued]>
[2025-09-03T02:01:30.160+0000] {taskinstance.py:1279} INFO - 
--------------------------------------------------------------------------------
[2025-09-03T02:01:30.160+0000] {taskinstance.py:1280} INFO - Starting attempt 1 of 1
[2025-09-03T02:01:30.160+0000] {taskinstance.py:1281} INFO - 
--------------------------------------------------------------------------------
[2025-09-03T02:01:30.168+0000] {taskinstance.py:1300} INFO - Executing <Task(BashOperator): silver_empregados> on 2025-09-03 02:01:20.557374+00:00
[2025-09-03T02:01:30.171+0000] {standard_task_runner.py:55} INFO - Started process 2808 to run task
[2025-09-03T02:01:30.173+0000] {standard_task_runner.py:82} INFO - Running: ['***', 'tasks', 'run', 'institution_detail_pipeline', 'silver_empregados', 'manual__2025-09-03T02:01:20.557374+00:00', '--job-id', '17', '--raw', '--subdir', 'DAGS_FOLDER/dag_institution.py', '--cfg-path', '/tmp/tmp_syxqktf']
[2025-09-03T02:01:30.174+0000] {standard_task_runner.py:83} INFO - Job 17: Subtask silver_empregados
[2025-09-03T02:01:30.186+0000] {logging_mixin.py:137} WARNING - /usr/local/lib/python3.9/site-packages/***/settings.py:249 DeprecationWarning: The sql_alchemy_conn option in [core] has been moved to the sql_alchemy_conn option in [database] - the old setting has been used, but please update your config.
[2025-09-03T02:01:30.225+0000] {task_command.py:388} INFO - Running <TaskInstance: institution_detail_pipeline.silver_empregados manual__2025-09-03T02:01:20.557374+00:00 [running]> on host fe630f5e6718
[2025-09-03T02:01:30.276+0000] {taskinstance.py:1507} INFO - Exporting the following env vars:
AIRFLOW_CTX_DAG_OWNER=Klaus_Rezende
AIRFLOW_CTX_DAG_ID=institution_detail_pipeline
AIRFLOW_CTX_TASK_ID=silver_empregados
AIRFLOW_CTX_EXECUTION_DATE=2025-09-03T02:01:20.557374+00:00
AIRFLOW_CTX_TRY_NUMBER=1
AIRFLOW_CTX_DAG_RUN_ID=manual__2025-09-03T02:01:20.557374+00:00
[2025-09-03T02:01:30.277+0000] {subprocess.py:63} INFO - Tmp dir root location: 
 /tmp
[2025-09-03T02:01:30.278+0000] {subprocess.py:75} INFO - Running command: ['/usr/bin/bash', '-c', 'python3 /opt/***/scripts/silver/tb_sv_empregados.py']
[2025-09-03T02:01:30.285+0000] {subprocess.py:86} INFO - Output:
[2025-09-03T02:01:32.557+0000] {subprocess.py:93} INFO - 25/09/03 02:01:32 WARN NativeCodeLoader: Unable to load native-hadoop library for your platform... using builtin-java classes where applicable
[2025-09-03T02:01:32.718+0000] {subprocess.py:93} INFO - Setting default log level to "WARN".
[2025-09-03T02:01:32.719+0000] {subprocess.py:93} INFO - To adjust logging level use sc.setLogLevel(newLevel). For SparkR, use setLogLevel(newLevel).
[2025-09-03T02:01:37.704+0000] {subprocess.py:93} INFO - Silver empregados data saved
[2025-09-03T02:01:37.704+0000] {subprocess.py:93} INFO - ✅ Table comments added for tb_sv_empregados
[2025-09-03T02:01:38.119+0000] {subprocess.py:97} INFO - Command exited with return code 0
[2025-09-03T02:01:38.137+0000] {taskinstance.py:1318} INFO - Marking task as SUCCESS. dag_id=institution_detail_pipeline, task_id=silver_empregados, execution_date=20250903T020120, start_date=20250903T020130, end_date=20250903T020138
[2025-09-03T02:01:38.168+0000] {local_task_job.py:208} INFO - Task exited with return code 0
[2025-09-03T02:01:38.182+0000] {taskinstance.py:2578} INFO - 0 downstream tasks scheduled from follow-on schedule check
