[2025-09-03T00:24:37.035+0000] {taskinstance.py:1083} INFO - Dependencies all met for <TaskInstance: institution_detail_pipeline.gold_institution_detail manual__2025-09-03T00:24:02.455529+00:00 [queued]>
[2025-09-03T00:24:37.061+0000] {taskinstance.py:1083} INFO - Dependencies all met for <TaskInstance: institution_detail_pipeline.gold_institution_detail manual__2025-09-03T00:24:02.455529+00:00 [queued]>
[2025-09-03T00:24:37.061+0000] {taskinstance.py:1279} INFO - 
--------------------------------------------------------------------------------
[2025-09-03T00:24:37.061+0000] {taskinstance.py:1280} INFO - Starting attempt 1 of 1
[2025-09-03T00:24:37.061+0000] {taskinstance.py:1281} INFO - 
--------------------------------------------------------------------------------
[2025-09-03T00:24:37.072+0000] {taskinstance.py:1300} INFO - Executing <Task(BashOperator): gold_institution_detail> on 2025-09-03 00:24:02.455529+00:00
[2025-09-03T00:24:37.075+0000] {standard_task_runner.py:55} INFO - Started process 15869 to run task
[2025-09-03T00:24:37.078+0000] {standard_task_runner.py:82} INFO - Running: ['***', 'tasks', 'run', 'institution_detail_pipeline', 'gold_institution_detail', 'manual__2025-09-03T00:24:02.455529+00:00', '--job-id', '94', '--raw', '--subdir', 'DAGS_FOLDER/dag_institution.py', '--cfg-path', '/tmp/tmp2e0ap9px']
[2025-09-03T00:24:37.080+0000] {standard_task_runner.py:83} INFO - Job 94: Subtask gold_institution_detail
[2025-09-03T00:24:37.093+0000] {logging_mixin.py:137} WARNING - /usr/local/lib/python3.9/site-packages/***/settings.py:249 DeprecationWarning: The sql_alchemy_conn option in [core] has been moved to the sql_alchemy_conn option in [database] - the old setting has been used, but please update your config.
[2025-09-03T00:25:27.791+0000] {task_command.py:388} INFO - Running <TaskInstance: institution_detail_pipeline.gold_institution_detail manual__2025-09-03T00:24:02.455529+00:00 [running]> on host f321ea8b8484
[2025-09-03T00:25:27.853+0000] {taskinstance.py:1507} INFO - Exporting the following env vars:
AIRFLOW_CTX_DAG_OWNER=Klaus_Rezende
AIRFLOW_CTX_DAG_ID=institution_detail_pipeline
AIRFLOW_CTX_TASK_ID=gold_institution_detail
AIRFLOW_CTX_EXECUTION_DATE=2025-09-03T00:24:02.455529+00:00
AIRFLOW_CTX_TRY_NUMBER=1
AIRFLOW_CTX_DAG_RUN_ID=manual__2025-09-03T00:24:02.455529+00:00
[2025-09-03T00:25:27.854+0000] {subprocess.py:63} INFO - Tmp dir root location: 
 /tmp
[2025-09-03T00:25:27.854+0000] {subprocess.py:75} INFO - Running command: ['/usr/bin/bash', '-c', 'python3 /opt/***/scripts/gold/tb_gd_customer_detail.py']
[2025-09-03T00:25:27.862+0000] {subprocess.py:86} INFO - Output:
[2025-09-03T00:24:39.732+0000] {subprocess.py:93} INFO - 25/09/03 00:24:39 WARN NativeCodeLoader: Unable to load native-hadoop library for your platform... using builtin-java classes where applicable
[2025-09-03T00:24:39.904+0000] {subprocess.py:93} INFO - Setting default log level to "WARN".
[2025-09-03T00:24:39.904+0000] {subprocess.py:93} INFO - To adjust logging level use sc.setLogLevel(newLevel). For SparkR, use setLogLevel(newLevel).
[2025-09-03T00:24:47.733+0000] {subprocess.py:93} INFO - Gold institution detail data saved with simplified structure
[2025-09-03T00:24:48.204+0000] {subprocess.py:97} INFO - Command exited with return code 0
[2025-09-03T00:24:48.230+0000] {taskinstance.py:1318} INFO - Marking task as SUCCESS. dag_id=institution_detail_pipeline, task_id=gold_institution_detail, execution_date=20250903T002402, start_date=20250903T002437, end_date=20250903T002448
[2025-09-03T00:24:48.253+0000] {local_task_job.py:208} INFO - Task exited with return code 0
[2025-09-03T00:24:48.273+0000] {taskinstance.py:2578} INFO - 1 downstream tasks scheduled from follow-on schedule check
