[2025-09-03T01:52:01.008+0000] {taskinstance.py:1083} INFO - Dependencies all met for <TaskInstance: institution_detail_pipeline.trigger_dataquality scheduled__2025-09-01T09:00:00+00:00 [queued]>
[2025-09-03T01:52:01.013+0000] {taskinstance.py:1083} INFO - Dependencies all met for <TaskInstance: institution_detail_pipeline.trigger_dataquality scheduled__2025-09-01T09:00:00+00:00 [queued]>
[2025-09-03T01:52:01.013+0000] {taskinstance.py:1279} INFO - 
--------------------------------------------------------------------------------
[2025-09-03T01:52:01.013+0000] {taskinstance.py:1280} INFO - Starting attempt 1 of 1
[2025-09-03T01:52:01.014+0000] {taskinstance.py:1281} INFO - 
--------------------------------------------------------------------------------
[2025-09-03T01:52:01.021+0000] {taskinstance.py:1300} INFO - Executing <Task(TriggerDagRunOperator): trigger_dataquality> on 2025-09-01 09:00:00+00:00
[2025-09-03T01:52:01.023+0000] {standard_task_runner.py:55} INFO - Started process 1969 to run task
[2025-09-03T01:52:01.025+0000] {standard_task_runner.py:82} INFO - Running: ['***', 'tasks', 'run', 'institution_detail_pipeline', 'trigger_dataquality', 'scheduled__2025-09-01T09:00:00+00:00', '--job-id', '9', '--raw', '--subdir', 'DAGS_FOLDER/dag_institution.py', '--cfg-path', '/tmp/tmpps649ky7']
[2025-09-03T01:52:01.026+0000] {standard_task_runner.py:83} INFO - Job 9: Subtask trigger_dataquality
[2025-09-03T01:52:01.036+0000] {logging_mixin.py:137} WARNING - /usr/local/lib/python3.9/site-packages/***/settings.py:249 DeprecationWarning: The sql_alchemy_conn option in [core] has been moved to the sql_alchemy_conn option in [database] - the old setting has been used, but please update your config.
[2025-09-03T01:52:01.049+0000] {logging_mixin.py:137} WARNING - /usr/local/lib/python3.9/site-packages/***/utils/sqlalchemy.py:124 DeprecationWarning: The sql_alchemy_conn option in [core] has been moved to the sql_alchemy_conn option in [database] - the old setting has been used, but please update your config.
[2025-09-03T01:52:01.068+0000] {task_command.py:388} INFO - Running <TaskInstance: institution_detail_pipeline.trigger_dataquality scheduled__2025-09-01T09:00:00+00:00 [running]> on host fe630f5e6718
[2025-09-03T01:52:01.108+0000] {taskinstance.py:1507} INFO - Exporting the following env vars:
AIRFLOW_CTX_DAG_OWNER=Klaus_Rezende
AIRFLOW_CTX_DAG_ID=institution_detail_pipeline
AIRFLOW_CTX_TASK_ID=trigger_dataquality
AIRFLOW_CTX_EXECUTION_DATE=2025-09-01T09:00:00+00:00
AIRFLOW_CTX_TRY_NUMBER=1
AIRFLOW_CTX_DAG_RUN_ID=scheduled__2025-09-01T09:00:00+00:00
[2025-09-03T01:52:01.163+0000] {taskinstance.py:1318} INFO - Marking task as SUCCESS. dag_id=institution_detail_pipeline, task_id=trigger_dataquality, execution_date=20250901T090000, start_date=20250903T015201, end_date=20250903T015201
[2025-09-03T01:52:01.197+0000] {local_task_job.py:208} INFO - Task exited with return code 0
[2025-09-03T01:52:01.211+0000] {taskinstance.py:2578} INFO - 1 downstream tasks scheduled from follow-on schedule check
[2025-09-03T02:09:52.213+0000] {taskinstance.py:1083} INFO - Dependencies all met for <TaskInstance: institution_detail_pipeline.trigger_dataquality scheduled__2025-09-01T09:00:00+00:00 [queued]>
[2025-09-03T02:09:52.218+0000] {taskinstance.py:1083} INFO - Dependencies all met for <TaskInstance: institution_detail_pipeline.trigger_dataquality scheduled__2025-09-01T09:00:00+00:00 [queued]>
[2025-09-03T02:09:52.218+0000] {taskinstance.py:1279} INFO - 
--------------------------------------------------------------------------------
[2025-09-03T02:09:52.219+0000] {taskinstance.py:1280} INFO - Starting attempt 1 of 1
[2025-09-03T02:09:52.219+0000] {taskinstance.py:1281} INFO - 
--------------------------------------------------------------------------------
[2025-09-03T02:09:52.226+0000] {taskinstance.py:1300} INFO - Executing <Task(TriggerDagRunOperator): trigger_dataquality> on 2025-09-01 09:00:00+00:00
[2025-09-03T02:09:52.228+0000] {standard_task_runner.py:55} INFO - Started process 554 to run task
[2025-09-03T02:09:52.230+0000] {standard_task_runner.py:82} INFO - Running: ['***', 'tasks', 'run', 'institution_detail_pipeline', 'trigger_dataquality', 'scheduled__2025-09-01T09:00:00+00:00', '--job-id', '36', '--raw', '--subdir', 'DAGS_FOLDER/dag_institution.py', '--cfg-path', '/tmp/tmpjolecild']
[2025-09-03T02:09:52.231+0000] {standard_task_runner.py:83} INFO - Job 36: Subtask trigger_dataquality
[2025-09-03T02:09:52.241+0000] {logging_mixin.py:137} WARNING - /usr/local/lib/python3.9/site-packages/***/settings.py:249 DeprecationWarning: The sql_alchemy_conn option in [core] has been moved to the sql_alchemy_conn option in [database] - the old setting has been used, but please update your config.
[2025-09-03T02:09:52.254+0000] {logging_mixin.py:137} WARNING - /usr/local/lib/python3.9/site-packages/***/utils/sqlalchemy.py:124 DeprecationWarning: The sql_alchemy_conn option in [core] has been moved to the sql_alchemy_conn option in [database] - the old setting has been used, but please update your config.
[2025-09-03T02:09:52.271+0000] {task_command.py:388} INFO - Running <TaskInstance: institution_detail_pipeline.trigger_dataquality scheduled__2025-09-01T09:00:00+00:00 [running]> on host 72c28e8237fc
[2025-09-03T02:09:52.310+0000] {taskinstance.py:1507} INFO - Exporting the following env vars:
AIRFLOW_CTX_DAG_OWNER=Klaus_Rezende
AIRFLOW_CTX_DAG_ID=institution_detail_pipeline
AIRFLOW_CTX_TASK_ID=trigger_dataquality
AIRFLOW_CTX_EXECUTION_DATE=2025-09-01T09:00:00+00:00
AIRFLOW_CTX_TRY_NUMBER=1
AIRFLOW_CTX_DAG_RUN_ID=scheduled__2025-09-01T09:00:00+00:00
[2025-09-03T02:09:52.362+0000] {taskinstance.py:1318} INFO - Marking task as SUCCESS. dag_id=institution_detail_pipeline, task_id=trigger_dataquality, execution_date=20250901T090000, start_date=20250903T020952, end_date=20250903T020952
[2025-09-03T02:09:52.401+0000] {local_task_job.py:208} INFO - Task exited with return code 0
[2025-09-03T02:09:52.419+0000] {taskinstance.py:2578} INFO - 1 downstream tasks scheduled from follow-on schedule check
