[2025-09-03T01:51:43.429+0000] {taskinstance.py:1083} INFO - Dependencies all met for <TaskInstance: institution_detail_pipeline.silver_empregados scheduled__2025-09-01T09:00:00+00:00 [queued]>
[2025-09-03T01:51:43.435+0000] {taskinstance.py:1083} INFO - Dependencies all met for <TaskInstance: institution_detail_pipeline.silver_empregados scheduled__2025-09-01T09:00:00+00:00 [queued]>
[2025-09-03T01:51:43.435+0000] {taskinstance.py:1279} INFO - 
--------------------------------------------------------------------------------
[2025-09-03T01:51:43.436+0000] {taskinstance.py:1280} INFO - Starting attempt 1 of 1
[2025-09-03T01:51:43.436+0000] {taskinstance.py:1281} INFO - 
--------------------------------------------------------------------------------
[2025-09-03T01:51:43.447+0000] {taskinstance.py:1300} INFO - Executing <Task(BashOperator): silver_empregados> on 2025-09-01 09:00:00+00:00
[2025-09-03T01:51:43.451+0000] {standard_task_runner.py:55} INFO - Started process 1031 to run task
[2025-09-03T01:51:43.453+0000] {standard_task_runner.py:82} INFO - Running: ['***', 'tasks', 'run', 'institution_detail_pipeline', 'silver_empregados', 'scheduled__2025-09-01T09:00:00+00:00', '--job-id', '7', '--raw', '--subdir', 'DAGS_FOLDER/dag_institution.py', '--cfg-path', '/tmp/tmphmmm_f2o']
[2025-09-03T01:51:43.454+0000] {standard_task_runner.py:83} INFO - Job 7: Subtask silver_empregados
[2025-09-03T01:51:43.525+0000] {logging_mixin.py:137} WARNING - /usr/local/lib/python3.9/site-packages/***/settings.py:249 DeprecationWarning: The sql_alchemy_conn option in [core] has been moved to the sql_alchemy_conn option in [database] - the old setting has been used, but please update your config.
[2025-09-03T01:51:43.540+0000] {logging_mixin.py:137} WARNING - /usr/local/lib/python3.9/site-packages/***/utils/sqlalchemy.py:124 DeprecationWarning: The sql_alchemy_conn option in [core] has been moved to the sql_alchemy_conn option in [database] - the old setting has been used, but please update your config.
[2025-09-03T01:51:43.561+0000] {task_command.py:388} INFO - Running <TaskInstance: institution_detail_pipeline.silver_empregados scheduled__2025-09-01T09:00:00+00:00 [running]> on host fe630f5e6718
[2025-09-03T01:51:43.612+0000] {taskinstance.py:1507} INFO - Exporting the following env vars:
AIRFLOW_CTX_DAG_OWNER=Klaus_Rezende
AIRFLOW_CTX_DAG_ID=institution_detail_pipeline
AIRFLOW_CTX_TASK_ID=silver_empregados
AIRFLOW_CTX_EXECUTION_DATE=2025-09-01T09:00:00+00:00
AIRFLOW_CTX_TRY_NUMBER=1
AIRFLOW_CTX_DAG_RUN_ID=scheduled__2025-09-01T09:00:00+00:00
[2025-09-03T01:51:43.613+0000] {subprocess.py:63} INFO - Tmp dir root location: 
 /tmp
[2025-09-03T01:51:43.614+0000] {subprocess.py:75} INFO - Running command: ['/usr/bin/bash', '-c', 'python3 /opt/***/scripts/silver/tb_sv_empregados.py']
[2025-09-03T01:51:43.620+0000] {subprocess.py:86} INFO - Output:
[2025-09-03T01:51:45.898+0000] {subprocess.py:93} INFO - 25/09/03 01:51:45 WARN NativeCodeLoader: Unable to load native-hadoop library for your platform... using builtin-java classes where applicable
[2025-09-03T01:51:46.041+0000] {subprocess.py:93} INFO - Setting default log level to "WARN".
[2025-09-03T01:51:46.042+0000] {subprocess.py:93} INFO - To adjust logging level use sc.setLogLevel(newLevel). For SparkR, use setLogLevel(newLevel).
[2025-09-03T01:51:46.675+0000] {subprocess.py:93} INFO - 25/09/03 01:51:46 WARN Utils: Service 'SparkUI' could not bind on port 4040. Attempting port 4041.
[2025-09-03T01:51:46.676+0000] {subprocess.py:93} INFO - 25/09/03 01:51:46 WARN Utils: Service 'SparkUI' could not bind on port 4041. Attempting port 4042.
[2025-09-03T01:51:50.675+0000] {subprocess.py:93} INFO - [Stage 2:>                                                          (0 + 1) / 1]                                                                                Silver empregados data saved
[2025-09-03T01:51:51.084+0000] {subprocess.py:97} INFO - Command exited with return code 0
[2025-09-03T01:51:51.104+0000] {taskinstance.py:1318} INFO - Marking task as SUCCESS. dag_id=institution_detail_pipeline, task_id=silver_empregados, execution_date=20250901T090000, start_date=20250903T015143, end_date=20250903T015151
[2025-09-03T01:51:51.146+0000] {local_task_job.py:208} INFO - Task exited with return code 0
[2025-09-03T01:51:51.162+0000] {taskinstance.py:2578} INFO - 0 downstream tasks scheduled from follow-on schedule check
[2025-09-03T02:07:27.839+0000] {taskinstance.py:1083} INFO - Dependencies all met for <TaskInstance: institution_detail_pipeline.silver_empregados scheduled__2025-09-01T09:00:00+00:00 [queued]>
[2025-09-03T02:07:27.848+0000] {taskinstance.py:1083} INFO - Dependencies all met for <TaskInstance: institution_detail_pipeline.silver_empregados scheduled__2025-09-01T09:00:00+00:00 [queued]>
[2025-09-03T02:07:27.848+0000] {taskinstance.py:1279} INFO - 
--------------------------------------------------------------------------------
[2025-09-03T02:07:27.848+0000] {taskinstance.py:1280} INFO - Starting attempt 1 of 1
[2025-09-03T02:07:27.848+0000] {taskinstance.py:1281} INFO - 
--------------------------------------------------------------------------------
[2025-09-03T02:07:27.862+0000] {taskinstance.py:1300} INFO - Executing <Task(BashOperator): silver_empregados> on 2025-09-01 09:00:00+00:00
[2025-09-03T02:07:27.867+0000] {standard_task_runner.py:55} INFO - Started process 1552 to run task
[2025-09-03T02:07:27.870+0000] {standard_task_runner.py:82} INFO - Running: ['***', 'tasks', 'run', 'institution_detail_pipeline', 'silver_empregados', 'scheduled__2025-09-01T09:00:00+00:00', '--job-id', '11', '--raw', '--subdir', 'DAGS_FOLDER/dag_institution.py', '--cfg-path', '/tmp/tmp73p4q5dg']
[2025-09-03T02:07:27.872+0000] {standard_task_runner.py:83} INFO - Job 11: Subtask silver_empregados
[2025-09-03T02:07:27.894+0000] {logging_mixin.py:137} WARNING - /usr/local/lib/python3.9/site-packages/***/settings.py:249 DeprecationWarning: The sql_alchemy_conn option in [core] has been moved to the sql_alchemy_conn option in [database] - the old setting has been used, but please update your config.
[2025-09-03T02:07:27.947+0000] {logging_mixin.py:137} WARNING - /usr/local/lib/python3.9/site-packages/***/utils/sqlalchemy.py:124 DeprecationWarning: The sql_alchemy_conn option in [core] has been moved to the sql_alchemy_conn option in [database] - the old setting has been used, but please update your config.
[2025-09-03T02:07:27.997+0000] {task_command.py:388} INFO - Running <TaskInstance: institution_detail_pipeline.silver_empregados scheduled__2025-09-01T09:00:00+00:00 [running]> on host 72c28e8237fc
[2025-09-03T02:07:28.081+0000] {taskinstance.py:1507} INFO - Exporting the following env vars:
AIRFLOW_CTX_DAG_OWNER=Klaus_Rezende
AIRFLOW_CTX_DAG_ID=institution_detail_pipeline
AIRFLOW_CTX_TASK_ID=silver_empregados
AIRFLOW_CTX_EXECUTION_DATE=2025-09-01T09:00:00+00:00
AIRFLOW_CTX_TRY_NUMBER=1
AIRFLOW_CTX_DAG_RUN_ID=scheduled__2025-09-01T09:00:00+00:00
[2025-09-03T02:07:28.082+0000] {subprocess.py:63} INFO - Tmp dir root location: 
 /tmp
[2025-09-03T02:07:28.083+0000] {subprocess.py:75} INFO - Running command: ['/usr/bin/bash', '-c', 'python3 /opt/***/scripts/silver/tb_sv_empregados.py']
[2025-09-03T02:07:28.092+0000] {subprocess.py:86} INFO - Output:
[2025-09-03T02:07:31.452+0000] {subprocess.py:93} INFO - 25/09/03 02:07:31 WARN NativeCodeLoader: Unable to load native-hadoop library for your platform... using builtin-java classes where applicable
[2025-09-03T02:08:22.090+0000] {subprocess.py:93} INFO - Setting default log level to "WARN".
[2025-09-03T02:08:22.090+0000] {subprocess.py:93} INFO - To adjust logging level use sc.setLogLevel(newLevel). For SparkR, use setLogLevel(newLevel).
[2025-09-03T02:07:33.376+0000] {subprocess.py:93} INFO - 25/09/03 02:07:33 WARN Utils: Service 'SparkUI' could not bind on port 4040. Attempting port 4041.
[2025-09-03T02:07:33.379+0000] {subprocess.py:93} INFO - 25/09/03 02:07:33 WARN Utils: Service 'SparkUI' could not bind on port 4041. Attempting port 4042.
[2025-09-03T02:07:33.384+0000] {subprocess.py:93} INFO - 25/09/03 02:07:33 WARN Utils: Service 'SparkUI' could not bind on port 4042. Attempting port 4043.
[2025-09-03T02:07:33.385+0000] {subprocess.py:93} INFO - 25/09/03 02:07:33 WARN Utils: Service 'SparkUI' could not bind on port 4043. Attempting port 4044.
[2025-09-03T02:08:00.346+0000] {subprocess.py:93} INFO - 25/09/03 02:08:00 WARN GarbageCollectionMetrics: To enable non-built-in garbage collector(s) List(G1 Concurrent GC), users should configure it(them) to spark.eventLog.gcMetrics.youngGenerationGarbageCollectors or spark.eventLog.gcMetrics.oldGenerationGarbageCollectors
[2025-09-03T02:09:13.930+0000] {subprocess.py:93} INFO - 25/09/03 02:09:13 WARN NettyRpcEnv: Ignored failure: java.util.concurrent.TimeoutException: Cannot receive any reply from 72c28e8237fc:44179 in 10000 milliseconds
[2025-09-03T02:08:27.799+0000] {subprocess.py:93} INFO - [Stage 2:>                                                          (0 + 1) / 1]                                                                                Silver empregados data saved
[2025-09-03T02:08:27.800+0000] {subprocess.py:93} INFO - ✅ Table comments added for tb_sv_empregados
[2025-09-03T02:08:28.264+0000] {subprocess.py:97} INFO - Command exited with return code 0
[2025-09-03T02:08:28.291+0000] {taskinstance.py:1318} INFO - Marking task as SUCCESS. dag_id=institution_detail_pipeline, task_id=silver_empregados, execution_date=20250901T090000, start_date=20250903T020727, end_date=20250903T020828
[2025-09-03T02:08:28.314+0000] {local_task_job.py:208} INFO - Task exited with return code 0
[2025-09-03T02:08:28.331+0000] {taskinstance.py:2578} INFO - 0 downstream tasks scheduled from follow-on schedule check
