[2025-09-03T02:07:27.827+0000] {taskinstance.py:1083} INFO - Dependencies all met for <TaskInstance: institution_detail_pipeline.silver_empregados manual__2025-09-03T02:06:43.829372+00:00 [queued]>
[2025-09-03T02:07:27.839+0000] {taskinstance.py:1083} INFO - Dependencies all met for <TaskInstance: institution_detail_pipeline.silver_empregados manual__2025-09-03T02:06:43.829372+00:00 [queued]>
[2025-09-03T02:07:27.839+0000] {taskinstance.py:1279} INFO - 
--------------------------------------------------------------------------------
[2025-09-03T02:07:27.839+0000] {taskinstance.py:1280} INFO - Starting attempt 1 of 1
[2025-09-03T02:07:27.839+0000] {taskinstance.py:1281} INFO - 
--------------------------------------------------------------------------------
[2025-09-03T02:07:27.852+0000] {taskinstance.py:1300} INFO - Executing <Task(BashOperator): silver_empregados> on 2025-09-03 02:06:43.829372+00:00
[2025-09-03T02:07:27.856+0000] {standard_task_runner.py:55} INFO - Started process 1550 to run task
[2025-09-03T02:07:27.858+0000] {standard_task_runner.py:82} INFO - Running: ['***', 'tasks', 'run', 'institution_detail_pipeline', 'silver_empregados', 'manual__2025-09-03T02:06:43.829372+00:00', '--job-id', '8', '--raw', '--subdir', 'DAGS_FOLDER/dag_institution.py', '--cfg-path', '/tmp/tmprhf_phqr']
[2025-09-03T02:07:27.861+0000] {standard_task_runner.py:83} INFO - Job 8: Subtask silver_empregados
[2025-09-03T02:07:27.879+0000] {logging_mixin.py:137} WARNING - /usr/local/lib/python3.9/site-packages/***/settings.py:249 DeprecationWarning: The sql_alchemy_conn option in [core] has been moved to the sql_alchemy_conn option in [database] - the old setting has been used, but please update your config.
[2025-09-03T02:07:27.977+0000] {task_command.py:388} INFO - Running <TaskInstance: institution_detail_pipeline.silver_empregados manual__2025-09-03T02:06:43.829372+00:00 [running]> on host 72c28e8237fc
[2025-09-03T02:07:28.066+0000] {taskinstance.py:1507} INFO - Exporting the following env vars:
AIRFLOW_CTX_DAG_OWNER=Klaus_Rezende
AIRFLOW_CTX_DAG_ID=institution_detail_pipeline
AIRFLOW_CTX_TASK_ID=silver_empregados
AIRFLOW_CTX_EXECUTION_DATE=2025-09-03T02:06:43.829372+00:00
AIRFLOW_CTX_TRY_NUMBER=1
AIRFLOW_CTX_DAG_RUN_ID=manual__2025-09-03T02:06:43.829372+00:00
[2025-09-03T02:07:28.068+0000] {subprocess.py:63} INFO - Tmp dir root location: 
 /tmp
[2025-09-03T02:07:28.069+0000] {subprocess.py:75} INFO - Running command: ['/usr/bin/bash', '-c', 'python3 /opt/***/scripts/silver/tb_sv_empregados.py']
[2025-09-03T02:07:28.081+0000] {subprocess.py:86} INFO - Output:
[2025-09-03T02:07:31.472+0000] {subprocess.py:93} INFO - 25/09/03 02:07:31 WARN NativeCodeLoader: Unable to load native-hadoop library for your platform... using builtin-java classes where applicable
[2025-09-03T02:07:31.822+0000] {subprocess.py:93} INFO - Setting default log level to "WARN".
[2025-09-03T02:07:31.823+0000] {subprocess.py:93} INFO - To adjust logging level use sc.setLogLevel(newLevel). For SparkR, use setLogLevel(newLevel).
[2025-09-03T02:07:33.332+0000] {subprocess.py:93} INFO - 25/09/03 02:07:33 WARN Utils: Service 'SparkUI' could not bind on port 4040. Attempting port 4041.
[2025-09-03T02:07:46.338+0000] {subprocess.py:93} INFO - 25/09/03 02:07:46 WARN GarbageCollectionMetrics: To enable non-built-in garbage collector(s) List(G1 Concurrent GC), users should configure it(them) to spark.eventLog.gcMetrics.youngGenerationGarbageCollectors or spark.eventLog.gcMetrics.oldGenerationGarbageCollectors
[2025-09-03T02:08:27.868+0000] {subprocess.py:93} INFO - [Stage 2:>                                                          (0 + 1) / 1]                                                                                Silver empregados data saved
[2025-09-03T02:08:27.868+0000] {subprocess.py:93} INFO - ✅ Table comments added for tb_sv_empregados
[2025-09-03T02:08:28.359+0000] {subprocess.py:97} INFO - Command exited with return code 0
[2025-09-03T02:08:28.383+0000] {taskinstance.py:1318} INFO - Marking task as SUCCESS. dag_id=institution_detail_pipeline, task_id=silver_empregados, execution_date=20250903T020643, start_date=20250903T020727, end_date=20250903T020828
[2025-09-03T02:08:28.426+0000] {local_task_job.py:208} INFO - Task exited with return code 0
[2025-09-03T02:08:28.441+0000] {taskinstance.py:2578} INFO - 0 downstream tasks scheduled from follow-on schedule check
