[2025-09-03T01:51:43.429+0000] {taskinstance.py:1083} INFO - Dependencies all met for <TaskInstance: institution_detail_pipeline.silver_bancos scheduled__2025-09-01T09:00:00+00:00 [queued]>
[2025-09-03T01:51:43.435+0000] {taskinstance.py:1083} INFO - Dependencies all met for <TaskInstance: institution_detail_pipeline.silver_bancos scheduled__2025-09-01T09:00:00+00:00 [queued]>
[2025-09-03T01:51:43.436+0000] {taskinstance.py:1279} INFO - 
--------------------------------------------------------------------------------
[2025-09-03T01:51:43.436+0000] {taskinstance.py:1280} INFO - Starting attempt 1 of 1
[2025-09-03T01:51:43.436+0000] {taskinstance.py:1281} INFO - 
--------------------------------------------------------------------------------
[2025-09-03T01:51:43.483+0000] {taskinstance.py:1300} INFO - Executing <Task(BashOperator): silver_bancos> on 2025-09-01 09:00:00+00:00
[2025-09-03T01:51:43.486+0000] {standard_task_runner.py:55} INFO - Started process 1032 to run task
[2025-09-03T01:51:43.488+0000] {standard_task_runner.py:82} INFO - Running: ['***', 'tasks', 'run', 'institution_detail_pipeline', 'silver_bancos', 'scheduled__2025-09-01T09:00:00+00:00', '--job-id', '6', '--raw', '--subdir', 'DAGS_FOLDER/dag_institution.py', '--cfg-path', '/tmp/tmpnh_ghnw4']
[2025-09-03T01:51:43.489+0000] {standard_task_runner.py:83} INFO - Job 6: Subtask silver_bancos
[2025-09-03T01:51:43.529+0000] {logging_mixin.py:137} WARNING - /usr/local/lib/python3.9/site-packages/***/settings.py:249 DeprecationWarning: The sql_alchemy_conn option in [core] has been moved to the sql_alchemy_conn option in [database] - the old setting has been used, but please update your config.
[2025-09-03T01:51:43.544+0000] {logging_mixin.py:137} WARNING - /usr/local/lib/python3.9/site-packages/***/utils/sqlalchemy.py:124 DeprecationWarning: The sql_alchemy_conn option in [core] has been moved to the sql_alchemy_conn option in [database] - the old setting has been used, but please update your config.
[2025-09-03T01:51:43.563+0000] {task_command.py:388} INFO - Running <TaskInstance: institution_detail_pipeline.silver_bancos scheduled__2025-09-01T09:00:00+00:00 [running]> on host fe630f5e6718
[2025-09-03T01:51:43.612+0000] {taskinstance.py:1507} INFO - Exporting the following env vars:
AIRFLOW_CTX_DAG_OWNER=Klaus_Rezende
AIRFLOW_CTX_DAG_ID=institution_detail_pipeline
AIRFLOW_CTX_TASK_ID=silver_bancos
AIRFLOW_CTX_EXECUTION_DATE=2025-09-01T09:00:00+00:00
AIRFLOW_CTX_TRY_NUMBER=1
AIRFLOW_CTX_DAG_RUN_ID=scheduled__2025-09-01T09:00:00+00:00
[2025-09-03T01:51:43.613+0000] {subprocess.py:63} INFO - Tmp dir root location: 
 /tmp
[2025-09-03T01:51:43.613+0000] {subprocess.py:75} INFO - Running command: ['/usr/bin/bash', '-c', 'python3 /opt/***/scripts/silver/tb_sv_bancos.py']
[2025-09-03T01:51:43.620+0000] {subprocess.py:86} INFO - Output:
[2025-09-03T01:51:45.898+0000] {subprocess.py:93} INFO - 25/09/03 01:51:45 WARN NativeCodeLoader: Unable to load native-hadoop library for your platform... using builtin-java classes where applicable
[2025-09-03T01:51:46.043+0000] {subprocess.py:93} INFO - Setting default log level to "WARN".
[2025-09-03T01:51:46.043+0000] {subprocess.py:93} INFO - To adjust logging level use sc.setLogLevel(newLevel). For SparkR, use setLogLevel(newLevel).
[2025-09-03T01:51:46.674+0000] {subprocess.py:93} INFO - 25/09/03 01:51:46 WARN Utils: Service 'SparkUI' could not bind on port 4040. Attempting port 4041.
[2025-09-03T01:52:40.456+0000] {subprocess.py:93} INFO - [Stage 0:>                                                          (0 + 1) / 1]                                                                                Silver bancos data saved
[2025-09-03T01:51:50.569+0000] {subprocess.py:97} INFO - Command exited with return code 0
[2025-09-03T01:51:50.593+0000] {taskinstance.py:1318} INFO - Marking task as SUCCESS. dag_id=institution_detail_pipeline, task_id=silver_bancos, execution_date=20250901T090000, start_date=20250903T015143, end_date=20250903T015150
[2025-09-03T01:51:50.620+0000] {local_task_job.py:208} INFO - Task exited with return code 0
[2025-09-03T01:51:50.638+0000] {taskinstance.py:2578} INFO - 0 downstream tasks scheduled from follow-on schedule check
[2025-09-03T02:07:27.827+0000] {taskinstance.py:1083} INFO - Dependencies all met for <TaskInstance: institution_detail_pipeline.silver_bancos scheduled__2025-09-01T09:00:00+00:00 [queued]>
[2025-09-03T02:07:27.839+0000] {taskinstance.py:1083} INFO - Dependencies all met for <TaskInstance: institution_detail_pipeline.silver_bancos scheduled__2025-09-01T09:00:00+00:00 [queued]>
[2025-09-03T02:07:27.839+0000] {taskinstance.py:1279} INFO - 
--------------------------------------------------------------------------------
[2025-09-03T02:07:27.839+0000] {taskinstance.py:1280} INFO - Starting attempt 1 of 1
[2025-09-03T02:07:27.839+0000] {taskinstance.py:1281} INFO - 
--------------------------------------------------------------------------------
[2025-09-03T02:07:27.851+0000] {taskinstance.py:1300} INFO - Executing <Task(BashOperator): silver_bancos> on 2025-09-01 09:00:00+00:00
[2025-09-03T02:07:27.855+0000] {standard_task_runner.py:55} INFO - Started process 1549 to run task
[2025-09-03T02:07:27.858+0000] {standard_task_runner.py:82} INFO - Running: ['***', 'tasks', 'run', 'institution_detail_pipeline', 'silver_bancos', 'scheduled__2025-09-01T09:00:00+00:00', '--job-id', '13', '--raw', '--subdir', 'DAGS_FOLDER/dag_institution.py', '--cfg-path', '/tmp/tmpu4_4dxts']
[2025-09-03T02:07:27.860+0000] {standard_task_runner.py:83} INFO - Job 13: Subtask silver_bancos
[2025-09-03T02:07:27.880+0000] {logging_mixin.py:137} WARNING - /usr/local/lib/python3.9/site-packages/***/settings.py:249 DeprecationWarning: The sql_alchemy_conn option in [core] has been moved to the sql_alchemy_conn option in [database] - the old setting has been used, but please update your config.
[2025-09-03T02:07:27.922+0000] {logging_mixin.py:137} WARNING - /usr/local/lib/python3.9/site-packages/***/utils/sqlalchemy.py:124 DeprecationWarning: The sql_alchemy_conn option in [core] has been moved to the sql_alchemy_conn option in [database] - the old setting has been used, but please update your config.
[2025-09-03T02:07:27.973+0000] {task_command.py:388} INFO - Running <TaskInstance: institution_detail_pipeline.silver_bancos scheduled__2025-09-01T09:00:00+00:00 [running]> on host 72c28e8237fc
[2025-09-03T02:07:28.068+0000] {taskinstance.py:1507} INFO - Exporting the following env vars:
AIRFLOW_CTX_DAG_OWNER=Klaus_Rezende
AIRFLOW_CTX_DAG_ID=institution_detail_pipeline
AIRFLOW_CTX_TASK_ID=silver_bancos
AIRFLOW_CTX_EXECUTION_DATE=2025-09-01T09:00:00+00:00
AIRFLOW_CTX_TRY_NUMBER=1
AIRFLOW_CTX_DAG_RUN_ID=scheduled__2025-09-01T09:00:00+00:00
[2025-09-03T02:07:28.069+0000] {subprocess.py:63} INFO - Tmp dir root location: 
 /tmp
[2025-09-03T02:07:28.069+0000] {subprocess.py:75} INFO - Running command: ['/usr/bin/bash', '-c', 'python3 /opt/***/scripts/silver/tb_sv_bancos.py']
[2025-09-03T02:07:28.081+0000] {subprocess.py:86} INFO - Output:
[2025-09-03T02:07:31.476+0000] {subprocess.py:93} INFO - 25/09/03 02:07:31 WARN NativeCodeLoader: Unable to load native-hadoop library for your platform... using builtin-java classes where applicable
[2025-09-03T02:07:31.818+0000] {subprocess.py:93} INFO - Setting default log level to "WARN".
[2025-09-03T02:07:31.818+0000] {subprocess.py:93} INFO - To adjust logging level use sc.setLogLevel(newLevel). For SparkR, use setLogLevel(newLevel).
[2025-09-03T02:07:33.348+0000] {subprocess.py:93} INFO - 25/09/03 02:07:33 WARN Utils: Service 'SparkUI' could not bind on port 4040. Attempting port 4041.
[2025-09-03T02:07:33.350+0000] {subprocess.py:93} INFO - 25/09/03 02:07:33 WARN Utils: Service 'SparkUI' could not bind on port 4041. Attempting port 4042.
[2025-09-03T02:07:46.338+0000] {subprocess.py:93} INFO - 25/09/03 02:07:46 WARN GarbageCollectionMetrics: To enable non-built-in garbage collector(s) List(G1 Concurrent GC), users should configure it(them) to spark.eventLog.gcMetrics.youngGenerationGarbageCollectors or spark.eventLog.gcMetrics.oldGenerationGarbageCollectors
[2025-09-03T02:08:27.489+0000] {subprocess.py:93} INFO - [Stage 0:>                                                          (0 + 1) / 1]                                                                                Silver bancos data saved
[2025-09-03T02:08:27.490+0000] {subprocess.py:93} INFO - ✅ Table comments added for tb_sv_bancos
[2025-09-03T02:08:27.971+0000] {subprocess.py:97} INFO - Command exited with return code 0
[2025-09-03T02:08:28.003+0000] {taskinstance.py:1318} INFO - Marking task as SUCCESS. dag_id=institution_detail_pipeline, task_id=silver_bancos, execution_date=20250901T090000, start_date=20250903T020727, end_date=20250903T020828
[2025-09-03T02:08:28.033+0000] {local_task_job.py:208} INFO - Task exited with return code 0
[2025-09-03T02:08:28.054+0000] {taskinstance.py:2578} INFO - 0 downstream tasks scheduled from follow-on schedule check
