[2025-09-03T02:01:30.165+0000] {taskinstance.py:1083} INFO - Dependencies all met for <TaskInstance: institution_detail_pipeline.silver_bancos manual__2025-09-03T02:01:20.557374+00:00 [queued]>
[2025-09-03T02:01:30.172+0000] {taskinstance.py:1083} INFO - Dependencies all met for <TaskInstance: institution_detail_pipeline.silver_bancos manual__2025-09-03T02:01:20.557374+00:00 [queued]>
[2025-09-03T02:01:30.172+0000] {taskinstance.py:1279} INFO - 
--------------------------------------------------------------------------------
[2025-09-03T02:01:30.172+0000] {taskinstance.py:1280} INFO - Starting attempt 1 of 1
[2025-09-03T02:01:30.172+0000] {taskinstance.py:1281} INFO - 
--------------------------------------------------------------------------------
[2025-09-03T02:01:30.181+0000] {taskinstance.py:1300} INFO - Executing <Task(BashOperator): silver_bancos> on 2025-09-03 02:01:20.557374+00:00
[2025-09-03T02:01:30.184+0000] {standard_task_runner.py:55} INFO - Started process 2810 to run task
[2025-09-03T02:01:30.186+0000] {standard_task_runner.py:82} INFO - Running: ['***', 'tasks', 'run', 'institution_detail_pipeline', 'silver_bancos', 'manual__2025-09-03T02:01:20.557374+00:00', '--job-id', '18', '--raw', '--subdir', 'DAGS_FOLDER/dag_institution.py', '--cfg-path', '/tmp/tmp1fvrgogh']
[2025-09-03T02:01:30.187+0000] {standard_task_runner.py:83} INFO - Job 18: Subtask silver_bancos
[2025-09-03T02:01:30.198+0000] {logging_mixin.py:137} WARNING - /usr/local/lib/python3.9/site-packages/***/settings.py:249 DeprecationWarning: The sql_alchemy_conn option in [core] has been moved to the sql_alchemy_conn option in [database] - the old setting has been used, but please update your config.
[2025-09-03T02:01:30.237+0000] {task_command.py:388} INFO - Running <TaskInstance: institution_detail_pipeline.silver_bancos manual__2025-09-03T02:01:20.557374+00:00 [running]> on host fe630f5e6718
[2025-09-03T02:01:30.286+0000] {taskinstance.py:1507} INFO - Exporting the following env vars:
AIRFLOW_CTX_DAG_OWNER=Klaus_Rezende
AIRFLOW_CTX_DAG_ID=institution_detail_pipeline
AIRFLOW_CTX_TASK_ID=silver_bancos
AIRFLOW_CTX_EXECUTION_DATE=2025-09-03T02:01:20.557374+00:00
AIRFLOW_CTX_TRY_NUMBER=1
AIRFLOW_CTX_DAG_RUN_ID=manual__2025-09-03T02:01:20.557374+00:00
[2025-09-03T02:01:30.287+0000] {subprocess.py:63} INFO - Tmp dir root location: 
 /tmp
[2025-09-03T02:01:30.287+0000] {subprocess.py:75} INFO - Running command: ['/usr/bin/bash', '-c', 'python3 /opt/***/scripts/silver/tb_sv_bancos.py']
[2025-09-03T02:01:30.293+0000] {subprocess.py:86} INFO - Output:
[2025-09-03T02:01:32.558+0000] {subprocess.py:93} INFO - 25/09/03 02:01:32 WARN NativeCodeLoader: Unable to load native-hadoop library for your platform... using builtin-java classes where applicable
[2025-09-03T02:01:32.719+0000] {subprocess.py:93} INFO - Setting default log level to "WARN".
[2025-09-03T02:01:32.719+0000] {subprocess.py:93} INFO - To adjust logging level use sc.setLogLevel(newLevel). For SparkR, use setLogLevel(newLevel).
[2025-09-03T02:01:33.435+0000] {subprocess.py:93} INFO - 25/09/03 02:01:33 WARN Utils: Service 'SparkUI' could not bind on port 4040. Attempting port 4041.
[2025-09-03T02:01:33.436+0000] {subprocess.py:93} INFO - 25/09/03 02:01:33 WARN Utils: Service 'SparkUI' could not bind on port 4041. Attempting port 4042.
[2025-09-03T02:01:37.349+0000] {subprocess.py:93} INFO - [Stage 0:>                                                          (0 + 0) / 1]                                                                                Silver bancos data saved
[2025-09-03T02:01:37.349+0000] {subprocess.py:93} INFO - ✅ Table comments added for tb_sv_bancos
[2025-09-03T02:01:37.800+0000] {subprocess.py:97} INFO - Command exited with return code 0
[2025-09-03T02:01:37.824+0000] {taskinstance.py:1318} INFO - Marking task as SUCCESS. dag_id=institution_detail_pipeline, task_id=silver_bancos, execution_date=20250903T020120, start_date=20250903T020130, end_date=20250903T020137
[2025-09-03T02:01:37.868+0000] {local_task_job.py:208} INFO - Task exited with return code 0
[2025-09-03T02:01:37.884+0000] {taskinstance.py:2578} INFO - 0 downstream tasks scheduled from follow-on schedule check
