[2025-09-03T00:28:20.868+0000] {taskinstance.py:1083} INFO - Dependencies all met for <TaskInstance: institution_detail_pipeline.bronze_empregados manual__2025-09-03T00:28:18.583765+00:00 [queued]>
[2025-09-03T00:28:20.874+0000] {taskinstance.py:1083} INFO - Dependencies all met for <TaskInstance: institution_detail_pipeline.bronze_empregados manual__2025-09-03T00:28:18.583765+00:00 [queued]>
[2025-09-03T00:28:20.874+0000] {taskinstance.py:1279} INFO - 
--------------------------------------------------------------------------------
[2025-09-03T00:28:20.874+0000] {taskinstance.py:1280} INFO - Starting attempt 1 of 1
[2025-09-03T00:28:20.874+0000] {taskinstance.py:1281} INFO - 
--------------------------------------------------------------------------------
[2025-09-03T00:28:20.883+0000] {taskinstance.py:1300} INFO - Executing <Task(BashOperator): bronze_empregados> on 2025-09-03 00:28:18.583765+00:00
[2025-09-03T00:28:20.885+0000] {standard_task_runner.py:55} INFO - Started process 16341 to run task
[2025-09-03T00:28:20.888+0000] {standard_task_runner.py:82} INFO - Running: ['***', 'tasks', 'run', 'institution_detail_pipeline', 'bronze_empregados', 'manual__2025-09-03T00:28:18.583765+00:00', '--job-id', '100', '--raw', '--subdir', 'DAGS_FOLDER/dag_institution.py', '--cfg-path', '/tmp/tmpkvwvo0pc']
[2025-09-03T00:28:20.889+0000] {standard_task_runner.py:83} INFO - Job 100: Subtask bronze_empregados
[2025-09-03T00:28:20.903+0000] {logging_mixin.py:137} WARNING - /usr/local/lib/python3.9/site-packages/***/settings.py:249 DeprecationWarning: The sql_alchemy_conn option in [core] has been moved to the sql_alchemy_conn option in [database] - the old setting has been used, but please update your config.
[2025-09-03T00:28:20.945+0000] {task_command.py:388} INFO - Running <TaskInstance: institution_detail_pipeline.bronze_empregados manual__2025-09-03T00:28:18.583765+00:00 [running]> on host f321ea8b8484
[2025-09-03T00:28:21.006+0000] {taskinstance.py:1507} INFO - Exporting the following env vars:
AIRFLOW_CTX_DAG_OWNER=Klaus_Rezende
AIRFLOW_CTX_DAG_ID=institution_detail_pipeline
AIRFLOW_CTX_TASK_ID=bronze_empregados
AIRFLOW_CTX_EXECUTION_DATE=2025-09-03T00:28:18.583765+00:00
AIRFLOW_CTX_TRY_NUMBER=1
AIRFLOW_CTX_DAG_RUN_ID=manual__2025-09-03T00:28:18.583765+00:00
[2025-09-03T00:28:21.007+0000] {subprocess.py:63} INFO - Tmp dir root location: 
 /tmp
[2025-09-03T00:28:21.008+0000] {subprocess.py:75} INFO - Running command: ['/usr/bin/bash', '-c', 'python3 /opt/***/scripts/bronze/tb_bz_empregados.py']
[2025-09-03T00:28:21.016+0000] {subprocess.py:86} INFO - Output:
[2025-09-03T00:29:13.372+0000] {subprocess.py:93} INFO - 25/09/03 00:29:13 WARN NativeCodeLoader: Unable to load native-hadoop library for your platform... using builtin-java classes where applicable
[2025-09-03T00:28:22.830+0000] {subprocess.py:93} INFO - Setting default log level to "WARN".
[2025-09-03T00:28:22.831+0000] {subprocess.py:93} INFO - To adjust logging level use sc.setLogLevel(newLevel). For SparkR, use setLogLevel(newLevel).
[2025-09-03T00:28:23.429+0000] {subprocess.py:93} INFO - 25/09/03 00:28:23 WARN Utils: Service 'SparkUI' could not bind on port 4040. Attempting port 4041.
[2025-09-03T00:28:23.429+0000] {subprocess.py:93} INFO - 25/09/03 00:28:23 WARN Utils: Service 'SparkUI' could not bind on port 4041. Attempting port 4042.
[2025-09-03T00:28:27.982+0000] {subprocess.py:93} INFO - 25/09/03 00:28:27 WARN CSVHeaderChecker: CSV header does not conform to the schema.
[2025-09-03T00:28:28.018+0000] {subprocess.py:93} INFO -  Header: Geral, Cultura e valores, Diversidade e inclusão, Qualidade de vida, Alta liderança, Remuneração e benefícios, Oportunidades de carreira, CNPJ, Nome, match_percent
[2025-09-03T00:28:28.018+0000] {subprocess.py:93} INFO -  Schema: Geral, Cultura e valores, Diversidade e inclusão, Qualidade de vida, Alta liderança, Remuneração e benefícios, Oportunidades de carreira, Segmento, Nome, match_percent
[2025-09-03T00:28:28.019+0000] {subprocess.py:93} INFO - Expected: Segmento but found: CNPJ
[2025-09-03T00:28:28.019+0000] {subprocess.py:93} INFO - CSV file: file:///opt/***/data_source/Empregados/glassdoor_consolidado_join_match_less_v2.csv
[2025-09-03T00:28:28.113+0000] {subprocess.py:93} INFO - Bronze empregados data saved
[2025-09-03T00:28:28.724+0000] {subprocess.py:97} INFO - Command exited with return code 0
[2025-09-03T00:28:28.749+0000] {taskinstance.py:1318} INFO - Marking task as SUCCESS. dag_id=institution_detail_pipeline, task_id=bronze_empregados, execution_date=20250903T002818, start_date=20250903T002820, end_date=20250903T002828
[2025-09-03T00:28:28.802+0000] {local_task_job.py:208} INFO - Task exited with return code 0
[2025-09-03T00:28:28.840+0000] {taskinstance.py:2578} INFO - 1 downstream tasks scheduled from follow-on schedule check
