[2025-09-03T01:51:52.671+0000] {taskinstance.py:1083} INFO - Dependencies all met for <TaskInstance: institution_detail_pipeline.gold_institution_detail scheduled__2025-09-01T09:00:00+00:00 [queued]>
[2025-09-03T01:51:52.678+0000] {taskinstance.py:1083} INFO - Dependencies all met for <TaskInstance: institution_detail_pipeline.gold_institution_detail scheduled__2025-09-01T09:00:00+00:00 [queued]>
[2025-09-03T01:51:52.678+0000] {taskinstance.py:1279} INFO - 
--------------------------------------------------------------------------------
[2025-09-03T01:51:52.678+0000] {taskinstance.py:1280} INFO - Starting attempt 1 of 1
[2025-09-03T01:51:52.679+0000] {taskinstance.py:1281} INFO - 
--------------------------------------------------------------------------------
[2025-09-03T01:51:52.688+0000] {taskinstance.py:1300} INFO - Executing <Task(BashOperator): gold_institution_detail> on 2025-09-01 09:00:00+00:00
[2025-09-03T01:51:52.691+0000] {standard_task_runner.py:55} INFO - Started process 1638 to run task
[2025-09-03T01:51:52.693+0000] {standard_task_runner.py:82} INFO - Running: ['***', 'tasks', 'run', 'institution_detail_pipeline', 'gold_institution_detail', 'scheduled__2025-09-01T09:00:00+00:00', '--job-id', '8', '--raw', '--subdir', 'DAGS_FOLDER/dag_institution.py', '--cfg-path', '/tmp/tmpaqhbtqhy']
[2025-09-03T01:51:52.694+0000] {standard_task_runner.py:83} INFO - Job 8: Subtask gold_institution_detail
[2025-09-03T01:51:52.707+0000] {logging_mixin.py:137} WARNING - /usr/local/lib/python3.9/site-packages/***/settings.py:249 DeprecationWarning: The sql_alchemy_conn option in [core] has been moved to the sql_alchemy_conn option in [database] - the old setting has been used, but please update your config.
[2025-09-03T01:51:52.724+0000] {logging_mixin.py:137} WARNING - /usr/local/lib/python3.9/site-packages/***/utils/sqlalchemy.py:124 DeprecationWarning: The sql_alchemy_conn option in [core] has been moved to the sql_alchemy_conn option in [database] - the old setting has been used, but please update your config.
[2025-09-03T01:51:52.745+0000] {task_command.py:388} INFO - Running <TaskInstance: institution_detail_pipeline.gold_institution_detail scheduled__2025-09-01T09:00:00+00:00 [running]> on host fe630f5e6718
[2025-09-03T01:51:52.800+0000] {taskinstance.py:1507} INFO - Exporting the following env vars:
AIRFLOW_CTX_DAG_OWNER=Klaus_Rezende
AIRFLOW_CTX_DAG_ID=institution_detail_pipeline
AIRFLOW_CTX_TASK_ID=gold_institution_detail
AIRFLOW_CTX_EXECUTION_DATE=2025-09-01T09:00:00+00:00
AIRFLOW_CTX_TRY_NUMBER=1
AIRFLOW_CTX_DAG_RUN_ID=scheduled__2025-09-01T09:00:00+00:00
[2025-09-03T01:51:52.801+0000] {subprocess.py:63} INFO - Tmp dir root location: 
 /tmp
[2025-09-03T01:51:52.801+0000] {subprocess.py:75} INFO - Running command: ['/usr/bin/bash', '-c', 'python3 /opt/***/scripts/gold/tb_gd_customer_detail.py']
[2025-09-03T01:51:52.809+0000] {subprocess.py:86} INFO - Output:
[2025-09-03T01:51:54.265+0000] {subprocess.py:93} INFO - 25/09/03 01:51:54 WARN NativeCodeLoader: Unable to load native-hadoop library for your platform... using builtin-java classes where applicable
[2025-09-03T01:51:54.368+0000] {subprocess.py:93} INFO - Setting default log level to "WARN".
[2025-09-03T01:51:54.368+0000] {subprocess.py:93} INFO - To adjust logging level use sc.setLogLevel(newLevel). For SparkR, use setLogLevel(newLevel).
[2025-09-03T01:51:59.266+0000] {subprocess.py:93} INFO - Gold institution detail data saved with simplified structure
[2025-09-03T01:51:59.694+0000] {subprocess.py:97} INFO - Command exited with return code 0
[2025-09-03T01:51:59.713+0000] {taskinstance.py:1318} INFO - Marking task as SUCCESS. dag_id=institution_detail_pipeline, task_id=gold_institution_detail, execution_date=20250901T090000, start_date=20250903T015152, end_date=20250903T015159
[2025-09-03T01:51:59.725+0000] {local_task_job.py:208} INFO - Task exited with return code 0
[2025-09-03T01:51:59.741+0000] {taskinstance.py:2578} INFO - 1 downstream tasks scheduled from follow-on schedule check
[2025-09-03T02:08:30.834+0000] {taskinstance.py:1083} INFO - Dependencies all met for <TaskInstance: institution_detail_pipeline.gold_institution_detail scheduled__2025-09-01T09:00:00+00:00 [queued]>
[2025-09-03T02:08:30.849+0000] {taskinstance.py:1083} INFO - Dependencies all met for <TaskInstance: institution_detail_pipeline.gold_institution_detail scheduled__2025-09-01T09:00:00+00:00 [queued]>
[2025-09-03T02:08:30.849+0000] {taskinstance.py:1279} INFO - 
--------------------------------------------------------------------------------
[2025-09-03T02:08:30.849+0000] {taskinstance.py:1280} INFO - Starting attempt 1 of 1
[2025-09-03T02:08:30.850+0000] {taskinstance.py:1281} INFO - 
--------------------------------------------------------------------------------
[2025-09-03T02:08:30.861+0000] {taskinstance.py:1300} INFO - Executing <Task(BashOperator): gold_institution_detail> on 2025-09-01 09:00:00+00:00
[2025-09-03T02:08:30.866+0000] {standard_task_runner.py:55} INFO - Started process 2837 to run task
[2025-09-03T02:08:30.869+0000] {standard_task_runner.py:82} INFO - Running: ['***', 'tasks', 'run', 'institution_detail_pipeline', 'gold_institution_detail', 'scheduled__2025-09-01T09:00:00+00:00', '--job-id', '14', '--raw', '--subdir', 'DAGS_FOLDER/dag_institution.py', '--cfg-path', '/tmp/tmpssstfa21']
[2025-09-03T02:08:30.870+0000] {standard_task_runner.py:83} INFO - Job 14: Subtask gold_institution_detail
[2025-09-03T02:08:30.886+0000] {logging_mixin.py:137} WARNING - /usr/local/lib/python3.9/site-packages/***/settings.py:249 DeprecationWarning: The sql_alchemy_conn option in [core] has been moved to the sql_alchemy_conn option in [database] - the old setting has been used, but please update your config.
[2025-09-03T02:08:30.909+0000] {logging_mixin.py:137} WARNING - /usr/local/lib/python3.9/site-packages/***/utils/sqlalchemy.py:124 DeprecationWarning: The sql_alchemy_conn option in [core] has been moved to the sql_alchemy_conn option in [database] - the old setting has been used, but please update your config.
[2025-09-03T02:08:30.939+0000] {task_command.py:388} INFO - Running <TaskInstance: institution_detail_pipeline.gold_institution_detail scheduled__2025-09-01T09:00:00+00:00 [running]> on host 72c28e8237fc
[2025-09-03T02:08:31.009+0000] {taskinstance.py:1507} INFO - Exporting the following env vars:
AIRFLOW_CTX_DAG_OWNER=Klaus_Rezende
AIRFLOW_CTX_DAG_ID=institution_detail_pipeline
AIRFLOW_CTX_TASK_ID=gold_institution_detail
AIRFLOW_CTX_EXECUTION_DATE=2025-09-01T09:00:00+00:00
AIRFLOW_CTX_TRY_NUMBER=1
AIRFLOW_CTX_DAG_RUN_ID=scheduled__2025-09-01T09:00:00+00:00
[2025-09-03T02:08:31.011+0000] {subprocess.py:63} INFO - Tmp dir root location: 
 /tmp
[2025-09-03T02:08:31.011+0000] {subprocess.py:75} INFO - Running command: ['/usr/bin/bash', '-c', 'python3 /opt/***/scripts/gold/tb_gd_customer_detail.py']
[2025-09-03T02:08:31.022+0000] {subprocess.py:86} INFO - Output:
[2025-09-03T02:08:33.388+0000] {subprocess.py:93} INFO - 25/09/03 02:08:33 WARN NativeCodeLoader: Unable to load native-hadoop library for your platform... using builtin-java classes where applicable
[2025-09-03T02:08:33.565+0000] {subprocess.py:93} INFO - Setting default log level to "WARN".
[2025-09-03T02:08:33.566+0000] {subprocess.py:93} INFO - To adjust logging level use sc.setLogLevel(newLevel). For SparkR, use setLogLevel(newLevel).
[2025-09-03T02:08:41.667+0000] {subprocess.py:93} INFO - Gold institution detail data saved with simplified structure
[2025-09-03T02:08:41.667+0000] {subprocess.py:93} INFO - ✅ Table comments added for tb_gd_institution_detail
[2025-09-03T04:40:00.377+0000] {taskinstance.py:1083} INFO - Dependencies all met for <TaskInstance: institution_detail_pipeline.gold_institution_detail scheduled__2025-09-01T09:00:00+00:00 [queued]>
[2025-09-03T04:40:00.383+0000] {taskinstance.py:1083} INFO - Dependencies all met for <TaskInstance: institution_detail_pipeline.gold_institution_detail scheduled__2025-09-01T09:00:00+00:00 [queued]>
[2025-09-03T04:40:00.383+0000] {taskinstance.py:1279} INFO - 
--------------------------------------------------------------------------------
[2025-09-03T04:40:00.383+0000] {taskinstance.py:1280} INFO - Starting attempt 1 of 1
[2025-09-03T04:40:00.383+0000] {taskinstance.py:1281} INFO - 
--------------------------------------------------------------------------------
[2025-09-03T04:40:00.392+0000] {taskinstance.py:1300} INFO - Executing <Task(BashOperator): gold_institution_detail> on 2025-09-01 09:00:00+00:00
[2025-09-03T04:40:00.395+0000] {standard_task_runner.py:55} INFO - Started process 1561 to run task
[2025-09-03T04:40:00.397+0000] {standard_task_runner.py:82} INFO - Running: ['***', 'tasks', 'run', 'institution_detail_pipeline', 'gold_institution_detail', 'scheduled__2025-09-01T09:00:00+00:00', '--job-id', '8', '--raw', '--subdir', 'DAGS_FOLDER/dag_institution.py', '--cfg-path', '/tmp/tmpf3ilhkjs']
[2025-09-03T04:40:00.398+0000] {standard_task_runner.py:83} INFO - Job 8: Subtask gold_institution_detail
[2025-09-03T04:40:00.410+0000] {logging_mixin.py:137} WARNING - /usr/local/lib/python3.9/site-packages/***/settings.py:249 DeprecationWarning: The sql_alchemy_conn option in [core] has been moved to the sql_alchemy_conn option in [database] - the old setting has been used, but please update your config.
[2025-09-03T04:40:00.426+0000] {logging_mixin.py:137} WARNING - /usr/local/lib/python3.9/site-packages/***/utils/sqlalchemy.py:124 DeprecationWarning: The sql_alchemy_conn option in [core] has been moved to the sql_alchemy_conn option in [database] - the old setting has been used, but please update your config.
[2025-09-03T04:40:00.448+0000] {task_command.py:388} INFO - Running <TaskInstance: institution_detail_pipeline.gold_institution_detail scheduled__2025-09-01T09:00:00+00:00 [running]> on host 56e79e5a4e8c
[2025-09-03T04:40:00.500+0000] {taskinstance.py:1507} INFO - Exporting the following env vars:
AIRFLOW_CTX_DAG_OWNER=Klaus_Rezende
AIRFLOW_CTX_DAG_ID=institution_detail_pipeline
AIRFLOW_CTX_TASK_ID=gold_institution_detail
AIRFLOW_CTX_EXECUTION_DATE=2025-09-01T09:00:00+00:00
AIRFLOW_CTX_TRY_NUMBER=1
AIRFLOW_CTX_DAG_RUN_ID=scheduled__2025-09-01T09:00:00+00:00
[2025-09-03T04:40:00.500+0000] {subprocess.py:63} INFO - Tmp dir root location: 
 /tmp
[2025-09-03T04:40:00.501+0000] {subprocess.py:75} INFO - Running command: ['/usr/bin/bash', '-c', 'python3 /opt/***/scripts/gold/tb_gd_customer_detail.py']
[2025-09-03T04:40:00.507+0000] {subprocess.py:86} INFO - Output:
[2025-09-03T04:40:01.937+0000] {subprocess.py:93} INFO - 25/09/03 04:40:01 WARN NativeCodeLoader: Unable to load native-hadoop library for your platform... using builtin-java classes where applicable
[2025-09-03T04:40:02.052+0000] {subprocess.py:93} INFO - Setting default log level to "WARN".
[2025-09-03T04:40:02.052+0000] {subprocess.py:93} INFO - To adjust logging level use sc.setLogLevel(newLevel). For SparkR, use setLogLevel(newLevel).
[2025-09-03T04:40:07.034+0000] {subprocess.py:93} INFO - Gold institution detail data saved with simplified structure
[2025-09-03T04:40:07.034+0000] {subprocess.py:93} INFO - ✅ Table comments added for tb_gd_institution_detail
[2025-09-03T04:40:57.691+0000] {subprocess.py:97} INFO - Command exited with return code 0
[2025-09-03T04:40:07.490+0000] {taskinstance.py:1318} INFO - Marking task as SUCCESS. dag_id=institution_detail_pipeline, task_id=gold_institution_detail, execution_date=20250901T090000, start_date=20250903T044000, end_date=20250903T044007
[2025-09-03T04:40:07.541+0000] {local_task_job.py:208} INFO - Task exited with return code 0
[2025-09-03T04:40:07.564+0000] {taskinstance.py:2578} INFO - 0 downstream tasks scheduled from follow-on schedule check
