[2025-09-03T00:28:50.032+0000] {taskinstance.py:1083} INFO - Dependencies all met for <TaskInstance: institution_detail_pipeline.trigger_dataquality manual__2025-09-03T00:28:18.583765+00:00 [queued]>
[2025-09-03T00:28:50.038+0000] {taskinstance.py:1083} INFO - Dependencies all met for <TaskInstance: institution_detail_pipeline.trigger_dataquality manual__2025-09-03T00:28:18.583765+00:00 [queued]>
[2025-09-03T00:28:50.038+0000] {taskinstance.py:1279} INFO - 
--------------------------------------------------------------------------------
[2025-09-03T00:28:50.038+0000] {taskinstance.py:1280} INFO - Starting attempt 1 of 1
[2025-09-03T00:28:50.038+0000] {taskinstance.py:1281} INFO - 
--------------------------------------------------------------------------------
[2025-09-03T00:28:50.045+0000] {taskinstance.py:1300} INFO - Executing <Task(TriggerDagRunOperator): trigger_dataquality> on 2025-09-03 00:28:18.583765+00:00
[2025-09-03T00:28:50.048+0000] {standard_task_runner.py:55} INFO - Started process 17874 to run task
[2025-09-03T00:28:50.049+0000] {standard_task_runner.py:82} INFO - Running: ['***', 'tasks', 'run', 'institution_detail_pipeline', 'trigger_dataquality', 'manual__2025-09-03T00:28:18.583765+00:00', '--job-id', '105', '--raw', '--subdir', 'DAGS_FOLDER/dag_institution.py', '--cfg-path', '/tmp/tmpfh_cj6d0']
[2025-09-03T00:28:50.050+0000] {standard_task_runner.py:83} INFO - Job 105: Subtask trigger_dataquality
[2025-09-03T00:28:50.060+0000] {logging_mixin.py:137} WARNING - /usr/local/lib/python3.9/site-packages/***/settings.py:249 DeprecationWarning: The sql_alchemy_conn option in [core] has been moved to the sql_alchemy_conn option in [database] - the old setting has been used, but please update your config.
[2025-09-03T00:28:50.093+0000] {task_command.py:388} INFO - Running <TaskInstance: institution_detail_pipeline.trigger_dataquality manual__2025-09-03T00:28:18.583765+00:00 [running]> on host f321ea8b8484
[2025-09-03T00:28:50.138+0000] {taskinstance.py:1507} INFO - Exporting the following env vars:
AIRFLOW_CTX_DAG_OWNER=Klaus_Rezende
AIRFLOW_CTX_DAG_ID=institution_detail_pipeline
AIRFLOW_CTX_TASK_ID=trigger_dataquality
AIRFLOW_CTX_EXECUTION_DATE=2025-09-03T00:28:18.583765+00:00
AIRFLOW_CTX_TRY_NUMBER=1
AIRFLOW_CTX_DAG_RUN_ID=manual__2025-09-03T00:28:18.583765+00:00
[2025-09-03T00:28:50.199+0000] {taskinstance.py:1318} INFO - Marking task as SUCCESS. dag_id=institution_detail_pipeline, task_id=trigger_dataquality, execution_date=20250903T002818, start_date=20250903T002850, end_date=20250903T002850
[2025-09-03T00:28:50.221+0000] {local_task_job.py:208} INFO - Task exited with return code 0
[2025-09-03T00:28:50.237+0000] {taskinstance.py:2578} INFO - 1 downstream tasks scheduled from follow-on schedule check
