[2025-09-03T00:28:40.413+0000] {taskinstance.py:1083} INFO - Dependencies all met for <TaskInstance: institution_detail_pipeline.gold_institution_detail manual__2025-09-03T00:28:18.583765+00:00 [queued]>
[2025-09-03T00:28:40.421+0000] {taskinstance.py:1083} INFO - Dependencies all met for <TaskInstance: institution_detail_pipeline.gold_institution_detail manual__2025-09-03T00:28:18.583765+00:00 [queued]>
[2025-09-03T00:28:40.421+0000] {taskinstance.py:1279} INFO - 
--------------------------------------------------------------------------------
[2025-09-03T00:28:40.421+0000] {taskinstance.py:1280} INFO - Starting attempt 1 of 1
[2025-09-03T00:28:40.421+0000] {taskinstance.py:1281} INFO - 
--------------------------------------------------------------------------------
[2025-09-03T00:28:40.429+0000] {taskinstance.py:1300} INFO - Executing <Task(BashOperator): gold_institution_detail> on 2025-09-03 00:28:18.583765+00:00
[2025-09-03T00:28:40.432+0000] {standard_task_runner.py:55} INFO - Started process 17531 to run task
[2025-09-03T00:28:40.434+0000] {standard_task_runner.py:82} INFO - Running: ['***', 'tasks', 'run', 'institution_detail_pipeline', 'gold_institution_detail', 'manual__2025-09-03T00:28:18.583765+00:00', '--job-id', '104', '--raw', '--subdir', 'DAGS_FOLDER/dag_institution.py', '--cfg-path', '/tmp/tmpcm3kv0ng']
[2025-09-03T00:28:40.435+0000] {standard_task_runner.py:83} INFO - Job 104: Subtask gold_institution_detail
[2025-09-03T00:28:40.447+0000] {logging_mixin.py:137} WARNING - /usr/local/lib/python3.9/site-packages/***/settings.py:249 DeprecationWarning: The sql_alchemy_conn option in [core] has been moved to the sql_alchemy_conn option in [database] - the old setting has been used, but please update your config.
[2025-09-03T00:28:40.481+0000] {task_command.py:388} INFO - Running <TaskInstance: institution_detail_pipeline.gold_institution_detail manual__2025-09-03T00:28:18.583765+00:00 [running]> on host f321ea8b8484
[2025-09-03T00:28:40.533+0000] {taskinstance.py:1507} INFO - Exporting the following env vars:
AIRFLOW_CTX_DAG_OWNER=Klaus_Rezende
AIRFLOW_CTX_DAG_ID=institution_detail_pipeline
AIRFLOW_CTX_TASK_ID=gold_institution_detail
AIRFLOW_CTX_EXECUTION_DATE=2025-09-03T00:28:18.583765+00:00
AIRFLOW_CTX_TRY_NUMBER=1
AIRFLOW_CTX_DAG_RUN_ID=manual__2025-09-03T00:28:18.583765+00:00
[2025-09-03T00:28:40.534+0000] {subprocess.py:63} INFO - Tmp dir root location: 
 /tmp
[2025-09-03T00:28:40.534+0000] {subprocess.py:75} INFO - Running command: ['/usr/bin/bash', '-c', 'python3 /opt/***/scripts/gold/tb_gd_customer_detail.py']
[2025-09-03T00:28:40.542+0000] {subprocess.py:86} INFO - Output:
[2025-09-03T00:29:33.248+0000] {subprocess.py:93} INFO - 25/09/03 00:29:33 WARN NativeCodeLoader: Unable to load native-hadoop library for your platform... using builtin-java classes where applicable
[2025-09-03T00:29:33.386+0000] {subprocess.py:93} INFO - Setting default log level to "WARN".
[2025-09-03T00:29:33.386+0000] {subprocess.py:93} INFO - To adjust logging level use sc.setLogLevel(newLevel). For SparkR, use setLogLevel(newLevel).
[2025-09-03T00:28:48.220+0000] {subprocess.py:93} INFO - [Stage 9:>                                                        (0 + 16) / 16]                                                                                Gold institution detail data saved with simplified structure
[2025-09-03T00:28:48.661+0000] {subprocess.py:97} INFO - Command exited with return code 0
[2025-09-03T00:28:48.680+0000] {taskinstance.py:1318} INFO - Marking task as SUCCESS. dag_id=institution_detail_pipeline, task_id=gold_institution_detail, execution_date=20250903T002818, start_date=20250903T002840, end_date=20250903T002848
[2025-09-03T00:28:48.700+0000] {local_task_job.py:208} INFO - Task exited with return code 0
[2025-09-03T00:28:48.717+0000] {taskinstance.py:2578} INFO - 1 downstream tasks scheduled from follow-on schedule check
