[2025-09-03T02:01:21.976+0000] {taskinstance.py:1083} INFO - Dependencies all met for <TaskInstance: institution_detail_pipeline.bronze_bancos manual__2025-09-03T02:01:20.557374+00:00 [queued]>
[2025-09-03T02:01:21.982+0000] {taskinstance.py:1083} INFO - Dependencies all met for <TaskInstance: institution_detail_pipeline.bronze_bancos manual__2025-09-03T02:01:20.557374+00:00 [queued]>
[2025-09-03T02:01:21.982+0000] {taskinstance.py:1279} INFO - 
--------------------------------------------------------------------------------
[2025-09-03T02:01:21.982+0000] {taskinstance.py:1280} INFO - Starting attempt 1 of 1
[2025-09-03T02:01:21.982+0000] {taskinstance.py:1281} INFO - 
--------------------------------------------------------------------------------
[2025-09-03T02:01:21.993+0000] {taskinstance.py:1300} INFO - Executing <Task(BashOperator): bronze_bancos> on 2025-09-03 02:01:20.557374+00:00
[2025-09-03T02:01:21.997+0000] {standard_task_runner.py:55} INFO - Started process 2196 to run task
[2025-09-03T02:01:21.999+0000] {standard_task_runner.py:82} INFO - Running: ['***', 'tasks', 'run', 'institution_detail_pipeline', 'bronze_bancos', 'manual__2025-09-03T02:01:20.557374+00:00', '--job-id', '15', '--raw', '--subdir', 'DAGS_FOLDER/dag_institution.py', '--cfg-path', '/tmp/tmp9l60bhii']
[2025-09-03T02:01:22.001+0000] {standard_task_runner.py:83} INFO - Job 15: Subtask bronze_bancos
[2025-09-03T02:01:22.015+0000] {logging_mixin.py:137} WARNING - /usr/local/lib/python3.9/site-packages/***/settings.py:249 DeprecationWarning: The sql_alchemy_conn option in [core] has been moved to the sql_alchemy_conn option in [database] - the old setting has been used, but please update your config.
[2025-09-03T02:01:22.054+0000] {task_command.py:388} INFO - Running <TaskInstance: institution_detail_pipeline.bronze_bancos manual__2025-09-03T02:01:20.557374+00:00 [running]> on host fe630f5e6718
[2025-09-03T02:01:22.108+0000] {taskinstance.py:1507} INFO - Exporting the following env vars:
AIRFLOW_CTX_DAG_OWNER=Klaus_Rezende
AIRFLOW_CTX_DAG_ID=institution_detail_pipeline
AIRFLOW_CTX_TASK_ID=bronze_bancos
AIRFLOW_CTX_EXECUTION_DATE=2025-09-03T02:01:20.557374+00:00
AIRFLOW_CTX_TRY_NUMBER=1
AIRFLOW_CTX_DAG_RUN_ID=manual__2025-09-03T02:01:20.557374+00:00
[2025-09-03T02:01:22.109+0000] {subprocess.py:63} INFO - Tmp dir root location: 
 /tmp
[2025-09-03T02:01:22.109+0000] {subprocess.py:75} INFO - Running command: ['/usr/bin/bash', '-c', 'python3 /opt/***/scripts/bronze/tb_bz_bancos.py']
[2025-09-03T02:01:22.117+0000] {subprocess.py:86} INFO - Output:
[2025-09-03T02:01:23.742+0000] {subprocess.py:93} INFO - 25/09/03 02:01:23 WARN NativeCodeLoader: Unable to load native-hadoop library for your platform... using builtin-java classes where applicable
[2025-09-03T02:01:23.867+0000] {subprocess.py:93} INFO - Setting default log level to "WARN".
[2025-09-03T02:01:23.867+0000] {subprocess.py:93} INFO - To adjust logging level use sc.setLogLevel(newLevel). For SparkR, use setLogLevel(newLevel).
[2025-09-03T02:01:24.488+0000] {subprocess.py:93} INFO - 25/09/03 02:01:24 WARN Utils: Service 'SparkUI' could not bind on port 4040. Attempting port 4041.
[2025-09-03T02:01:29.057+0000] {subprocess.py:93} INFO - Bronze bancos data saved
[2025-09-03T02:01:29.058+0000] {subprocess.py:93} INFO - ✅ Table comments added for tb_bz_bancos
[2025-09-03T02:01:29.574+0000] {subprocess.py:97} INFO - Command exited with return code 0
[2025-09-03T02:01:29.596+0000] {taskinstance.py:1318} INFO - Marking task as SUCCESS. dag_id=institution_detail_pipeline, task_id=bronze_bancos, execution_date=20250903T020120, start_date=20250903T020121, end_date=20250903T020129
[2025-09-03T02:01:29.650+0000] {local_task_job.py:208} INFO - Task exited with return code 0
[2025-09-03T02:01:29.667+0000] {taskinstance.py:2578} INFO - 1 downstream tasks scheduled from follow-on schedule check
